Using pre-set license
Built from '2020.3/staging' branch; Version is '2020.3.8f1 (507919d4fff5) revision 5273881'; Using compiler version '192528614'; Build Type 'Release'
OS: 'Windows 10 Pro; OS build 19042.985; Version 2009; 64bit' Language: 'en' Physical Memory: 32706 MB
BatchMode: 1, IsHumanControllingUs: 0, StartBugReporterOnCrash: 0, Is64bit: 1, IsPro: 0

 COMMAND LINE ARGUMENTS:
C:\Program Files\Unity\Hub\Editor\2020.3.8f1\Editor\Unity.exe
-adb2
-batchMode
-noUpm
-name
AssetImportWorker0
-projectPath
F:/UnityRepos/CatlikeContinued/Movement/Catlike2
-logFile
Logs/AssetImportWorker0.log
-srvPort
58141
Successfully changed project path to: F:/UnityRepos/CatlikeContinued/Movement/Catlike2
F:/UnityRepos/CatlikeContinued/Movement/Catlike2
Using Asset Import Pipeline V2.
Refreshing native plugins compatible for Editor in 19.12 ms, found 0 plugins.
Preloading 0 native plugins for Editor in 0.00 ms.
Initialize engine version: 2020.3.8f1 (507919d4fff5)
[Subsystems] Discovering subsystems at path C:/Program Files/Unity/Hub/Editor/2020.3.8f1/Editor/Data/Resources/UnitySubsystems
[Subsystems] Discovering subsystems at path F:/UnityRepos/CatlikeContinued/Movement/Catlike2/Assets
GfxDevice: creating device client; threaded=0
Direct3D:
    Version:  Direct3D 11.0 [level 11.1]
    Renderer: NVIDIA GeForce GTX 1080 (ID=0x1b80)
    Vendor:   
    VRAM:     8079 MB
    Driver:   27.21.14.6627
Initialize mono
Mono path[0] = 'C:/Program Files/Unity/Hub/Editor/2020.3.8f1/Editor/Data/Managed'
Mono path[1] = 'C:/Program Files/Unity/Hub/Editor/2020.3.8f1/Editor/Data/MonoBleedingEdge/lib/mono/unityjit'
Mono config path = 'C:/Program Files/Unity/Hub/Editor/2020.3.8f1/Editor/Data/MonoBleedingEdge/etc'
Using monoOptions --debugger-agent=transport=dt_socket,embedding=1,server=y,suspend=n,address=127.0.0.1:56264
Begin MonoManager ReloadAssembly
Registering precompiled unity dll's ...
Register platform support module: C:/Program Files/Unity/Hub/Editor/2020.3.8f1/Editor/Data/PlaybackEngines/WindowsStandaloneSupport/UnityEditor.WindowsStandalone.Extensions.dll
Registered in 0.001562 seconds.
Native extension for WindowsStandalone target not found
Refreshing native plugins compatible for Editor in 19.32 ms, found 0 plugins.
Preloading 0 native plugins for Editor in 0.00 ms.
Mono: successfully reloaded assembly
- Completed reload, in  0.892 seconds
Platform modules already initialized, skipping
Registering precompiled user dll's ...
Registered in 0.000671 seconds.
Begin MonoManager ReloadAssembly
Native extension for WindowsStandalone target not found
Refreshing native plugins compatible for Editor in 0.18 ms, found 0 plugins.
Preloading 0 native plugins for Editor in 0.00 ms.
Mono: successfully reloaded assembly
- Completed reload, in  0.703 seconds
Platform modules already initialized, skipping
========================================================================
Worker process is ready to serve import requests
Launched and connected shader compiler UnityShaderCompiler.exe after 0.03 seconds
Refreshing native plugins compatible for Editor in 0.18 ms, found 0 plugins.
Preloading 0 native plugins for Editor in 0.00 ms.
Unloading 1115 Unused Serialized files (Serialized files now loaded: 0)
System memory in use before: 57.1 MB.
System memory in use after: 57.2 MB.

Unloading 10 unused Assets to reduce memory usage. Loaded Objects now: 1557.
Total: 1.462600 ms (FindLiveObjects: 0.137800 ms CreateObjectMapping: 0.034600 ms MarkObjects: 1.219700 ms  DeleteObjects: 0.069300 ms)

========================================================================
Received Import Request.
  path: Assets/Scenes
  artifactKey: Guid(4baed215d216ff048b4253a551de2149) Importer(815301076,1909f56bfc062723c751e8b465ee728b)
Start importing Assets/Scenes using Guid(4baed215d216ff048b4253a551de2149) Importer(815301076,1909f56bfc062723c751e8b465ee728b)  -> (artifact id: '8c6111c1ec740a9c4082ec320fd2dfcb') in 0.006117 seconds
  Import took 0.007547 seconds .

========================================================================
Received Prepare
Registering precompiled user dll's ...
Registered in 0.000386 seconds.
Begin MonoManager ReloadAssembly
Native extension for WindowsStandalone target not found
Refreshing native plugins compatible for Editor in 0.24 ms, found 0 plugins.
Preloading 0 native plugins for Editor in 0.00 ms.
Mono: successfully reloaded assembly
- Completed reload, in  0.633 seconds
Platform modules already initialized, skipping
Refreshing native plugins compatible for Editor in 0.18 ms, found 0 plugins.
Preloading 0 native plugins for Editor in 0.00 ms.
Unloading 1118 Unused Serialized files (Serialized files now loaded: 0)
System memory in use before: 57.2 MB.
System memory in use after: 57.3 MB.

Unloading 5 unused Assets to reduce memory usage. Loaded Objects now: 1568.
Total: 1.426300 ms (FindLiveObjects: 0.093400 ms CreateObjectMapping: 0.024600 ms MarkObjects: 1.265800 ms  DeleteObjects: 0.042000 ms)

========================================================================
Received Import Request.
  Time since last request: 21.399710 seconds.
  path: Assets/Sphere Physics Material.physicMaterial
  artifactKey: Guid(84f19d2c1de4147d1891e748952a03fa) Importer(815301076,1909f56bfc062723c751e8b465ee728b)
Start importing Assets/Sphere Physics Material.physicMaterial using Guid(84f19d2c1de4147d1891e748952a03fa) Importer(815301076,1909f56bfc062723c751e8b465ee728b)  -> (artifact id: '6613ba73086324b4637d99894aa500db') in 0.033885 seconds
  Import took 0.036054 seconds .

========================================================================
Received Import Request.
  Time since last request: 0.000186 seconds.
  path: Assets/Sphere.prefab
  artifactKey: Guid(0379d4707a828415494f18f6eb7a15be) Importer(815301076,1909f56bfc062723c751e8b465ee728b)
Start importing Assets/Sphere.prefab using Guid(0379d4707a828415494f18f6eb7a15be) Importer(815301076,1909f56bfc062723c751e8b465ee728b)  -> (artifact id: '2625161bb091bed15ee3da5210c62d08') in 0.291644 seconds
  Import took 0.294108 seconds .

========================================================================
Received Import Request.
  Time since last request: 4.477931 seconds.
  path: Assets/Materials/Cube Material.mat
  artifactKey: Guid(cf0d33854d2a34399900c5de6cc65cbd) Importer(815301076,1909f56bfc062723c751e8b465ee728b)
Start importing Assets/Materials/Cube Material.mat using Guid(cf0d33854d2a34399900c5de6cc65cbd) Importer(815301076,1909f56bfc062723c751e8b465ee728b)  -> (artifact id: '7407cd04e8eb1d61a0d479b454fc0310') in 0.028707 seconds
  Import took 0.030766 seconds .

========================================================================
Received Import Request.
  Time since last request: 0.000218 seconds.
  path: Assets/Materials/Ground Material.mat
  artifactKey: Guid(ffb10a62477c84ba189b29e27c308968) Importer(815301076,1909f56bfc062723c751e8b465ee728b)
Start importing Assets/Materials/Ground Material.mat using Guid(ffb10a62477c84ba189b29e27c308968) Importer(815301076,1909f56bfc062723c751e8b465ee728b)  -> (artifact id: '13960bac855b97283c8de04a80461ba7') in 0.015942 seconds
  Import took 0.017674 seconds .

========================================================================
Received Import Request.
  Time since last request: 0.000207 seconds.
  path: Assets/Materials/Trail Material.mat
  artifactKey: Guid(9a4d6d9dd5ce842cab93c08918e9f806) Importer(815301076,1909f56bfc062723c751e8b465ee728b)
Start importing Assets/Materials/Trail Material.mat using Guid(9a4d6d9dd5ce842cab93c08918e9f806) Importer(815301076,1909f56bfc062723c751e8b465ee728b)  -> (artifact id: '633fac74a49b9dd0a18740f3cca3d274') in 0.030650 seconds
  Import took 0.032370 seconds .

========================================================================
Received Import Request.
  Time since last request: 0.000259 seconds.
  path: Assets/Materials/Ground Material.mat
  artifactKey: Guid(ffb10a62477c84ba189b29e27c308968) Importer(815301076,1909f56bfc062723c751e8b465ee728b)
Start importing Assets/Materials/Ground Material.mat using Guid(ffb10a62477c84ba189b29e27c308968) Importer(815301076,1909f56bfc062723c751e8b465ee728b)  -> (artifact id: '13960bac855b97283c8de04a80461ba7') in 0.005242 seconds
  Import took 0.006803 seconds .

========================================================================
Received Import Request.
  Time since last request: 0.000220 seconds.
  path: Assets/Materials/Sphere Material.mat
  artifactKey: Guid(f3ba9cc2f46b74147a887fc2202e7d8e) Importer(815301076,1909f56bfc062723c751e8b465ee728b)
Start importing Assets/Materials/Sphere Material.mat using Guid(f3ba9cc2f46b74147a887fc2202e7d8e) Importer(815301076,1909f56bfc062723c751e8b465ee728b)  -> (artifact id: '0ff7885c5b9febdc025b8506640ddf98') in 0.007803 seconds
  Import took 0.009505 seconds .

========================================================================
Received Import Request.
  Time since last request: 0.501637 seconds.
  path: Assets/ProBuilder Data/Default Color Palette.asset
  artifactKey: Guid(a1c4f37ae05b34333b65e89b0aa3e431) Importer(815301076,1909f56bfc062723c751e8b465ee728b)
Start importing Assets/ProBuilder Data/Default Color Palette.asset using Guid(a1c4f37ae05b34333b65e89b0aa3e431) Importer(815301076,1909f56bfc062723c751e8b465ee728b)  -> (artifact id: 'e7d6b9c90357842aa40ee6325991bb28') in 0.005974 seconds
  Import took 0.007683 seconds .

========================================================================
Received Import Request.
  Time since last request: 0.000214 seconds.
  path: Assets/ProBuilder Data/Default Material Palette.asset
  artifactKey: Guid(2d721294dc0c047ae851fe5ba465757c) Importer(815301076,1909f56bfc062723c751e8b465ee728b)
Start importing Assets/ProBuilder Data/Default Material Palette.asset using Guid(2d721294dc0c047ae851fe5ba465757c) Importer(815301076,1909f56bfc062723c751e8b465ee728b)  -> (artifact id: '09f8a1bd729a98cfbd1788747196694d') in 0.004581 seconds
  Import took 0.006152 seconds .

========================================================================
Received Prepare
Registering precompiled user dll's ...
Registered in 0.000421 seconds.
Begin MonoManager ReloadAssembly
Native extension for WindowsStandalone target not found
Refreshing native plugins compatible for Editor in 0.18 ms, found 0 plugins.
Preloading 0 native plugins for Editor in 0.00 ms.
Mono: successfully reloaded assembly
- Completed reload, in  0.677 seconds
Platform modules already initialized, skipping
Refreshing native plugins compatible for Editor in 0.18 ms, found 0 plugins.
Preloading 0 native plugins for Editor in 0.00 ms.
Unloading 1118 Unused Serialized files (Serialized files now loaded: 0)
System memory in use before: 60.7 MB.
System memory in use after: 60.8 MB.

Unloading 5 unused Assets to reduce memory usage. Loaded Objects now: 1613.
Total: 1.542500 ms (FindLiveObjects: 0.148800 ms CreateObjectMapping: 0.051200 ms MarkObjects: 1.262300 ms  DeleteObjects: 0.079000 ms)

========================================================================
Received Import Request.
  Time since last request: 737.532909 seconds.
  path: Assets/Scripts/CustomGravity.cs
  artifactKey: Guid(ccc8ad7f51c1d4ea187e7a9aaedd952f) Importer(815301076,1909f56bfc062723c751e8b465ee728b)
Start importing Assets/Scripts/CustomGravity.cs using Guid(ccc8ad7f51c1d4ea187e7a9aaedd952f) Importer(815301076,1909f56bfc062723c751e8b465ee728b)  -> (artifact id: 'a459373bf456508c95a42d2115fd1204') in 0.010701 seconds
  Import took 0.012627 seconds .

========================================================================
Received Prepare
Registering precompiled user dll's ...
Registered in 0.000438 seconds.
Begin MonoManager ReloadAssembly
Native extension for WindowsStandalone target not found
Refreshing native plugins compatible for Editor in 0.19 ms, found 0 plugins.
Preloading 0 native plugins for Editor in 0.00 ms.
Mono: successfully reloaded assembly
- Completed reload, in  0.677 seconds
Platform modules already initialized, skipping
Refreshing native plugins compatible for Editor in 0.19 ms, found 0 plugins.
Preloading 0 native plugins for Editor in 0.00 ms.
Unloading 1118 Unused Serialized files (Serialized files now loaded: 0)
System memory in use before: 60.7 MB.
System memory in use after: 60.8 MB.

Unloading 5 unused Assets to reduce memory usage. Loaded Objects now: 1616.
Total: 1.512900 ms (FindLiveObjects: 0.125300 ms CreateObjectMapping: 0.025600 ms MarkObjects: 1.314600 ms  DeleteObjects: 0.046700 ms)

========================================================================
Received Prepare
Registering precompiled user dll's ...
Registered in 0.000418 seconds.
Begin MonoManager ReloadAssembly
Native extension for WindowsStandalone target not found
Refreshing native plugins compatible for Editor in 0.18 ms, found 0 plugins.
Preloading 0 native plugins for Editor in 0.00 ms.
Mono: successfully reloaded assembly
- Completed reload, in  0.638 seconds
Platform modules already initialized, skipping
Refreshing native plugins compatible for Editor in 0.58 ms, found 0 plugins.
Preloading 0 native plugins for Editor in 0.00 ms.
Unloading 1118 Unused Serialized files (Serialized files now loaded: 0)
System memory in use before: 60.7 MB.
System memory in use after: 60.8 MB.

Unloading 5 unused Assets to reduce memory usage. Loaded Objects now: 1619.
Total: 1.357300 ms (FindLiveObjects: 0.104900 ms CreateObjectMapping: 0.027900 ms MarkObjects: 1.181500 ms  DeleteObjects: 0.042200 ms)

========================================================================
Received Prepare
Registering precompiled user dll's ...
Registered in 0.000411 seconds.
Begin MonoManager ReloadAssembly
Native extension for WindowsStandalone target not found
Refreshing native plugins compatible for Editor in 0.18 ms, found 0 plugins.
Preloading 0 native plugins for Editor in 0.00 ms.
Mono: successfully reloaded assembly
- Completed reload, in  0.643 seconds
Platform modules already initialized, skipping
Refreshing native plugins compatible for Editor in 0.19 ms, found 0 plugins.
Preloading 0 native plugins for Editor in 0.00 ms.
Unloading 1118 Unused Serialized files (Serialized files now loaded: 0)
System memory in use before: 60.7 MB.
System memory in use after: 60.8 MB.

Unloading 5 unused Assets to reduce memory usage. Loaded Objects now: 1622.
Total: 1.500200 ms (FindLiveObjects: 0.116300 ms CreateObjectMapping: 0.026600 ms MarkObjects: 1.316400 ms  DeleteObjects: 0.040300 ms)

========================================================================
Received Prepare
Registering precompiled user dll's ...
Registered in 0.000427 seconds.
Begin MonoManager ReloadAssembly
Native extension for WindowsStandalone target not found
Refreshing native plugins compatible for Editor in 0.18 ms, found 0 plugins.
Preloading 0 native plugins for Editor in 0.00 ms.
Mono: successfully reloaded assembly
- Completed reload, in  0.627 seconds
Platform modules already initialized, skipping
Refreshing native plugins compatible for Editor in 0.18 ms, found 0 plugins.
Preloading 0 native plugins for Editor in 0.00 ms.
Unloading 1118 Unused Serialized files (Serialized files now loaded: 0)
System memory in use before: 60.8 MB.
System memory in use after: 60.8 MB.

Unloading 5 unused Assets to reduce memory usage. Loaded Objects now: 1625.
Total: 1.510800 ms (FindLiveObjects: 0.167000 ms CreateObjectMapping: 0.028100 ms MarkObjects: 1.271600 ms  DeleteObjects: 0.043400 ms)

========================================================================
Received Prepare
Registering precompiled user dll's ...
Registered in 0.000438 seconds.
Begin MonoManager ReloadAssembly
Native extension for WindowsStandalone target not found
Refreshing native plugins compatible for Editor in 0.19 ms, found 0 plugins.
Preloading 0 native plugins for Editor in 0.00 ms.
Mono: successfully reloaded assembly
- Completed reload, in  0.641 seconds
Platform modules already initialized, skipping
Refreshing native plugins compatible for Editor in 0.18 ms, found 0 plugins.
Preloading 0 native plugins for Editor in 0.00 ms.
Unloading 1118 Unused Serialized files (Serialized files now loaded: 0)
System memory in use before: 60.8 MB.
System memory in use after: 60.8 MB.

Unloading 5 unused Assets to reduce memory usage. Loaded Objects now: 1628.
Total: 1.427400 ms (FindLiveObjects: 0.100000 ms CreateObjectMapping: 0.026300 ms MarkObjects: 1.261000 ms  DeleteObjects: 0.039300 ms)

========================================================================
Received Prepare
Registering precompiled user dll's ...
Registered in 0.000421 seconds.
Begin MonoManager ReloadAssembly
Native extension for WindowsStandalone target not found
Refreshing native plugins compatible for Editor in 0.19 ms, found 0 plugins.
Preloading 0 native plugins for Editor in 0.00 ms.
Mono: successfully reloaded assembly
- Completed reload, in  0.636 seconds
Platform modules already initialized, skipping
Refreshing native plugins compatible for Editor in 0.21 ms, found 0 plugins.
Preloading 0 native plugins for Editor in 0.00 ms.
Unloading 1118 Unused Serialized files (Serialized files now loaded: 0)
System memory in use before: 60.8 MB.
System memory in use after: 60.8 MB.

Unloading 5 unused Assets to reduce memory usage. Loaded Objects now: 1631.
Total: 1.494600 ms (FindLiveObjects: 0.107100 ms CreateObjectMapping: 0.028600 ms MarkObjects: 1.316900 ms  DeleteObjects: 0.041200 ms)

========================================================================
Received Prepare
Registering precompiled user dll's ...
Registered in 0.000401 seconds.
Begin MonoManager ReloadAssembly
Native extension for WindowsStandalone target not found
Refreshing native plugins compatible for Editor in 0.19 ms, found 0 plugins.
Preloading 0 native plugins for Editor in 0.00 ms.
Mono: successfully reloaded assembly
- Completed reload, in  0.648 seconds
Platform modules already initialized, skipping
Refreshing native plugins compatible for Editor in 0.20 ms, found 0 plugins.
Preloading 0 native plugins for Editor in 0.00 ms.
Unloading 1118 Unused Serialized files (Serialized files now loaded: 0)
System memory in use before: 60.8 MB.
System memory in use after: 60.8 MB.

Unloading 5 unused Assets to reduce memory usage. Loaded Objects now: 1634.
Total: 2.023100 ms (FindLiveObjects: 0.123600 ms CreateObjectMapping: 0.028400 ms MarkObjects: 1.816700 ms  DeleteObjects: 0.053600 ms)

========================================================================
Received Import Request.
  Time since last request: 2507.055050 seconds.
  path: Assets/Animation/Up Down Controller.controller
  artifactKey: Guid(bade85afe992e4b108ee5b63527c557b) Importer(815301076,1909f56bfc062723c751e8b465ee728b)
Start importing Assets/Animation/Up Down Controller.controller using Guid(bade85afe992e4b108ee5b63527c557b) Importer(815301076,1909f56bfc062723c751e8b465ee728b)  -> (artifact id: 'd4360b5630be7826ce8dde3518b51c2c') in 0.023068 seconds
  Import took 0.025161 seconds .

========================================================================
Received Import Request.
  Time since last request: 10.099412 seconds.
  path: Assets/Animation/Rotating Controller.controller
  artifactKey: Guid(e7aa7e466dfbb4fb0bea8affea5d7eaa) Importer(815301076,1909f56bfc062723c751e8b465ee728b)
Start importing Assets/Animation/Rotating Controller.controller using Guid(e7aa7e466dfbb4fb0bea8affea5d7eaa) Importer(815301076,1909f56bfc062723c751e8b465ee728b)  -> (artifact id: 'a92f16747912a1ed728f33d1bbfa03ea') in 0.007749 seconds
  Import took 0.009808 seconds .

========================================================================
Received Import Request.
  Time since last request: 6.546602 seconds.
  path: Assets/Animation/Sideways Controller.controller
  artifactKey: Guid(3a52b8968ded748d7ac144afcd62a5ac) Importer(815301076,1909f56bfc062723c751e8b465ee728b)
Start importing Assets/Animation/Sideways Controller.controller using Guid(3a52b8968ded748d7ac144afcd62a5ac) Importer(815301076,1909f56bfc062723c751e8b465ee728b)  -> (artifact id: '2a5eb4e359eaf53409a03224c0d98d11') in 0.006268 seconds
  Import took 0.007997 seconds .

========================================================================
Received Import Request.
  Time since last request: 0.004876 seconds.
  path: Assets/Animation/Sideways Controller.controller
  artifactKey: Guid(3a52b8968ded748d7ac144afcd62a5ac) Importer(815301076,1909f56bfc062723c751e8b465ee728b)
Start importing Assets/Animation/Sideways Controller.controller using Guid(3a52b8968ded748d7ac144afcd62a5ac) Importer(815301076,1909f56bfc062723c751e8b465ee728b)  -> (artifact id: '2a5eb4e359eaf53409a03224c0d98d11') in 0.002044 seconds
  Import took 0.003966 seconds .

========================================================================
Received Import Request.
  Time since last request: 7.931296 seconds.
  path: Assets/Animation/Up Down Controller.controller
  artifactKey: Guid(bade85afe992e4b108ee5b63527c557b) Importer(815301076,1909f56bfc062723c751e8b465ee728b)
Start importing Assets/Animation/Up Down Controller.controller using Guid(bade85afe992e4b108ee5b63527c557b) Importer(815301076,1909f56bfc062723c751e8b465ee728b)  -> (artifact id: '0bd17ae755da491f9e9c744d53c42649') in 0.001944 seconds
  Import took 0.003921 seconds .

