Using pre-set license
Built from '2020.3/staging' branch; Version is '2020.3.8f1 (507919d4fff5) revision 5273881'; Using compiler version '192528614'; Build Type 'Release'
OS: 'Windows 10 Pro; OS build 19042.985; Version 2009; 64bit' Language: 'en' Physical Memory: 32658 MB
BatchMode: 1, IsHumanControllingUs: 0, StartBugReporterOnCrash: 0, Is64bit: 1, IsPro: 0

 COMMAND LINE ARGUMENTS:
C:\Program Files\Unity\Hub\Editor\2020.3.8f1\Editor\Unity.exe
-adb2
-batchMode
-noUpm
-name
AssetImportWorker0
-projectPath
E:/UnityRepos/GitRepos/CatLikeCoding/CatLikeCodingPractice
-logFile
Logs/AssetImportWorker0.log
-srvPort
56234
Successfully changed project path to: E:/UnityRepos/GitRepos/CatLikeCoding/CatLikeCodingPractice
E:/UnityRepos/GitRepos/CatLikeCoding/CatLikeCodingPractice
Using Asset Import Pipeline V2.
Refreshing native plugins compatible for Editor in 39.42 ms, found 0 plugins.
Preloading 0 native plugins for Editor in 0.00 ms.
Initialize engine version: 2020.3.8f1 (507919d4fff5)
[Subsystems] Discovering subsystems at path C:/Program Files/Unity/Hub/Editor/2020.3.8f1/Editor/Data/Resources/UnitySubsystems
[Subsystems] Discovering subsystems at path E:/UnityRepos/GitRepos/CatLikeCoding/CatLikeCodingPractice/Assets
GfxDevice: creating device client; threaded=0
Direct3D:
    Version:  Direct3D 11.0 [level 11.1]
    Renderer: NVIDIA GeForce RTX 2080 (ID=0x1e87)
    Vendor:   
    VRAM:     8010 MB
    Driver:   27.21.14.6647
Shader 'Universal Render Pipeline/Particles/Lit': fallback shader 'Universal Render Pipeline/Particles/SimpleLit' not found
Initialize mono
Mono path[0] = 'C:/Program Files/Unity/Hub/Editor/2020.3.8f1/Editor/Data/Managed'
Mono path[1] = 'C:/Program Files/Unity/Hub/Editor/2020.3.8f1/Editor/Data/MonoBleedingEdge/lib/mono/unityjit'
Mono config path = 'C:/Program Files/Unity/Hub/Editor/2020.3.8f1/Editor/Data/MonoBleedingEdge/etc'
Using monoOptions --debugger-agent=transport=dt_socket,embedding=1,server=y,suspend=n,address=127.0.0.1:56500
Begin MonoManager ReloadAssembly
Registering precompiled unity dll's ...
Register platform support module: C:/Program Files/Unity/Hub/Editor/2020.3.8f1/Editor/Data/PlaybackEngines/WindowsStandaloneSupport/UnityEditor.WindowsStandalone.Extensions.dll
Registered in 0.001496 seconds.
Native extension for WindowsStandalone target not found
Refreshing native plugins compatible for Editor in 40.49 ms, found 0 plugins.
Preloading 0 native plugins for Editor in 0.00 ms.
Mono: successfully reloaded assembly
- Completed reload, in  0.792 seconds
Platform modules already initialized, skipping
Registering precompiled user dll's ...
Registered in 0.001035 seconds.
Begin MonoManager ReloadAssembly
Native extension for WindowsStandalone target not found
Refreshing native plugins compatible for Editor in 43.39 ms, found 0 plugins.
Preloading 0 native plugins for Editor in 0.00 ms.
Mono: successfully reloaded assembly
- Completed reload, in  1.459 seconds
Platform modules already initialized, skipping
========================================================================
Worker process is ready to serve import requests
Shader 'Universal Render Pipeline/Particles/Lit': fallback shader 'Universal Render Pipeline/Particles/SimpleLit' not found
Launched and connected shader compiler UnityShaderCompiler.exe after 0.03 seconds
Refreshing native plugins compatible for Editor in 0.51 ms, found 0 plugins.
Preloading 0 native plugins for Editor in 0.00 ms.
Unloading 3087 Unused Serialized files (Serialized files now loaded: 0)
System memory in use before: 150.6 MB.
System memory in use after: 150.8 MB.

Unloading 125 unused Assets to reduce memory usage. Loaded Objects now: 3525.
Total: 3.761700 ms (FindLiveObjects: 0.430200 ms CreateObjectMapping: 0.234100 ms MarkObjects: 2.920100 ms  DeleteObjects: 0.176400 ms)

========================================================================
Received Import Request.
  path: Assets/SlidingSphereAndPhysics/Scripts/MovingSphere.cs
  artifactKey: Guid(afa5b91a916691c4b8bd3123c774529d) Importer(815301076,1909f56bfc062723c751e8b465ee728b)
Start importing Assets/SlidingSphereAndPhysics/Scripts/MovingSphere.cs using Guid(afa5b91a916691c4b8bd3123c774529d) Importer(815301076,1909f56bfc062723c751e8b465ee728b)  -> (artifact id: 'ecbf69cd24cb44998a541c4b82edd3ea') in 0.015971 seconds
  Import took 0.019792 seconds .

========================================================================
Received Prepare
Registering precompiled user dll's ...
Registered in 0.000999 seconds.
Begin MonoManager ReloadAssembly
Native extension for WindowsStandalone target not found
Refreshing native plugins compatible for Editor in 0.45 ms, found 0 plugins.
Preloading 0 native plugins for Editor in 0.00 ms.
Mono: successfully reloaded assembly
- Completed reload, in  0.859 seconds
Platform modules already initialized, skipping
Shader 'Universal Render Pipeline/Particles/Lit': fallback shader 'Universal Render Pipeline/Particles/SimpleLit' not found
Refreshing native plugins compatible for Editor in 0.45 ms, found 0 plugins.
Preloading 0 native plugins for Editor in 0.00 ms.
Unloading 2933 Unused Serialized files (Serialized files now loaded: 0)
System memory in use before: 139.2 MB.
System memory in use after: 139.4 MB.

Unloading 120 unused Assets to reduce memory usage. Loaded Objects now: 3528.
Total: 2.343700 ms (FindLiveObjects: 0.272600 ms CreateObjectMapping: 0.126800 ms MarkObjects: 1.854900 ms  DeleteObjects: 0.088100 ms)

========================================================================
Received Prepare
Registering precompiled user dll's ...
Registered in 0.001043 seconds.
Begin MonoManager ReloadAssembly
Native extension for WindowsStandalone target not found
Refreshing native plugins compatible for Editor in 0.47 ms, found 0 plugins.
Preloading 0 native plugins for Editor in 0.00 ms.
Mono: successfully reloaded assembly
- Completed reload, in  0.835 seconds
Platform modules already initialized, skipping
Shader 'Universal Render Pipeline/Particles/Lit': fallback shader 'Universal Render Pipeline/Particles/SimpleLit' not found
Refreshing native plugins compatible for Editor in 0.46 ms, found 0 plugins.
Preloading 0 native plugins for Editor in 0.00 ms.
Unloading 2933 Unused Serialized files (Serialized files now loaded: 0)
System memory in use before: 139.2 MB.
System memory in use after: 139.5 MB.

Unloading 120 unused Assets to reduce memory usage. Loaded Objects now: 3531.
Total: 2.942800 ms (FindLiveObjects: 0.268800 ms CreateObjectMapping: 0.154600 ms MarkObjects: 2.407200 ms  DeleteObjects: 0.111300 ms)

========================================================================
Received Prepare
Registering precompiled user dll's ...
Registered in 0.000934 seconds.
Begin MonoManager ReloadAssembly
Native extension for WindowsStandalone target not found
Refreshing native plugins compatible for Editor in 0.45 ms, found 0 plugins.
Preloading 0 native plugins for Editor in 0.00 ms.
Mono: successfully reloaded assembly
- Completed reload, in  0.837 seconds
Platform modules already initialized, skipping
Shader 'Universal Render Pipeline/Particles/Lit': fallback shader 'Universal Render Pipeline/Particles/SimpleLit' not found
Refreshing native plugins compatible for Editor in 0.46 ms, found 0 plugins.
Preloading 0 native plugins for Editor in 0.00 ms.
Unloading 2933 Unused Serialized files (Serialized files now loaded: 0)
System memory in use before: 139.3 MB.
System memory in use after: 139.5 MB.

Unloading 120 unused Assets to reduce memory usage. Loaded Objects now: 3534.
Total: 2.378200 ms (FindLiveObjects: 0.277300 ms CreateObjectMapping: 0.122400 ms MarkObjects: 1.890700 ms  DeleteObjects: 0.087000 ms)

========================================================================
Received Prepare
Registering precompiled user dll's ...
Registered in 0.001023 seconds.
Begin MonoManager ReloadAssembly
Native extension for WindowsStandalone target not found
Refreshing native plugins compatible for Editor in 0.45 ms, found 0 plugins.
Preloading 0 native plugins for Editor in 0.00 ms.
Mono: successfully reloaded assembly
- Completed reload, in  0.828 seconds
Platform modules already initialized, skipping
Shader 'Universal Render Pipeline/Particles/Lit': fallback shader 'Universal Render Pipeline/Particles/SimpleLit' not found
Refreshing native plugins compatible for Editor in 0.46 ms, found 0 plugins.
Preloading 0 native plugins for Editor in 0.00 ms.
Unloading 2933 Unused Serialized files (Serialized files now loaded: 0)
System memory in use before: 139.3 MB.
System memory in use after: 139.5 MB.

Unloading 120 unused Assets to reduce memory usage. Loaded Objects now: 3537.
Total: 2.821200 ms (FindLiveObjects: 0.257900 ms CreateObjectMapping: 0.148400 ms MarkObjects: 2.317500 ms  DeleteObjects: 0.096800 ms)

========================================================================
Received Prepare
Registering precompiled user dll's ...
Registered in 0.001047 seconds.
Begin MonoManager ReloadAssembly
Native extension for WindowsStandalone target not found
Refreshing native plugins compatible for Editor in 0.46 ms, found 0 plugins.
Preloading 0 native plugins for Editor in 0.00 ms.
Mono: successfully reloaded assembly
- Completed reload, in  0.861 seconds
Platform modules already initialized, skipping
Shader 'Universal Render Pipeline/Particles/Lit': fallback shader 'Universal Render Pipeline/Particles/SimpleLit' not found
Refreshing native plugins compatible for Editor in 0.45 ms, found 0 plugins.
Preloading 0 native plugins for Editor in 0.00 ms.
Unloading 2933 Unused Serialized files (Serialized files now loaded: 0)
System memory in use before: 139.3 MB.
System memory in use after: 139.5 MB.

Unloading 120 unused Assets to reduce memory usage. Loaded Objects now: 3540.
Total: 2.578900 ms (FindLiveObjects: 0.258700 ms CreateObjectMapping: 0.125500 ms MarkObjects: 2.099500 ms  DeleteObjects: 0.094600 ms)

========================================================================
Received Prepare
Registering precompiled user dll's ...
Registered in 0.000910 seconds.
Begin MonoManager ReloadAssembly
Native extension for WindowsStandalone target not found
Refreshing native plugins compatible for Editor in 0.45 ms, found 0 plugins.
Preloading 0 native plugins for Editor in 0.00 ms.
Mono: successfully reloaded assembly
- Completed reload, in  0.819 seconds
Platform modules already initialized, skipping
Shader 'Universal Render Pipeline/Particles/Lit': fallback shader 'Universal Render Pipeline/Particles/SimpleLit' not found
Refreshing native plugins compatible for Editor in 0.45 ms, found 0 plugins.
Preloading 0 native plugins for Editor in 0.00 ms.
Unloading 2934 Unused Serialized files (Serialized files now loaded: 0)
System memory in use before: 139.3 MB.
System memory in use after: 139.6 MB.

Unloading 120 unused Assets to reduce memory usage. Loaded Objects now: 3544.
Total: 2.351800 ms (FindLiveObjects: 0.242900 ms CreateObjectMapping: 0.125200 ms MarkObjects: 1.892300 ms  DeleteObjects: 0.090800 ms)

========================================================================
Received Prepare
Registering precompiled user dll's ...
Registered in 0.001044 seconds.
Begin MonoManager ReloadAssembly
Native extension for WindowsStandalone target not found
Refreshing native plugins compatible for Editor in 0.47 ms, found 0 plugins.
Preloading 0 native plugins for Editor in 0.00 ms.
Mono: successfully reloaded assembly
- Completed reload, in  0.842 seconds
Platform modules already initialized, skipping
Shader 'Universal Render Pipeline/Particles/Lit': fallback shader 'Universal Render Pipeline/Particles/SimpleLit' not found
Refreshing native plugins compatible for Editor in 0.45 ms, found 0 plugins.
Preloading 0 native plugins for Editor in 0.00 ms.
Unloading 2935 Unused Serialized files (Serialized files now loaded: 0)
System memory in use before: 139.4 MB.
System memory in use after: 139.6 MB.

Unloading 120 unused Assets to reduce memory usage. Loaded Objects now: 3548.
Total: 2.378800 ms (FindLiveObjects: 0.254600 ms CreateObjectMapping: 0.125200 ms MarkObjects: 1.908800 ms  DeleteObjects: 0.089700 ms)

========================================================================
Received Prepare
Registering precompiled user dll's ...
Registered in 0.001079 seconds.
Begin MonoManager ReloadAssembly
Native extension for WindowsStandalone target not found
Refreshing native plugins compatible for Editor in 0.44 ms, found 0 plugins.
Preloading 0 native plugins for Editor in 0.00 ms.
Mono: successfully reloaded assembly
- Completed reload, in  0.831 seconds
Platform modules already initialized, skipping
Shader 'Universal Render Pipeline/Particles/Lit': fallback shader 'Universal Render Pipeline/Particles/SimpleLit' not found
Refreshing native plugins compatible for Editor in 0.47 ms, found 0 plugins.
Preloading 0 native plugins for Editor in 0.00 ms.
Unloading 2935 Unused Serialized files (Serialized files now loaded: 0)
System memory in use before: 139.4 MB.
System memory in use after: 139.6 MB.

Unloading 120 unused Assets to reduce memory usage. Loaded Objects now: 3551.
Total: 2.580800 ms (FindLiveObjects: 0.255700 ms CreateObjectMapping: 0.122100 ms MarkObjects: 2.113800 ms  DeleteObjects: 0.088600 ms)

========================================================================
Received Prepare
Registering precompiled user dll's ...
Registered in 0.000985 seconds.
Begin MonoManager ReloadAssembly
Native extension for WindowsStandalone target not found
Refreshing native plugins compatible for Editor in 0.46 ms, found 0 plugins.
Preloading 0 native plugins for Editor in 0.00 ms.
Mono: successfully reloaded assembly
- Completed reload, in  0.853 seconds
Platform modules already initialized, skipping
Shader 'Universal Render Pipeline/Particles/Lit': fallback shader 'Universal Render Pipeline/Particles/SimpleLit' not found
Refreshing native plugins compatible for Editor in 0.46 ms, found 0 plugins.
Preloading 0 native plugins for Editor in 0.00 ms.
Unloading 2935 Unused Serialized files (Serialized files now loaded: 0)
System memory in use before: 139.4 MB.
System memory in use after: 139.6 MB.

Unloading 120 unused Assets to reduce memory usage. Loaded Objects now: 3554.
Total: 2.648500 ms (FindLiveObjects: 0.324100 ms CreateObjectMapping: 0.180000 ms MarkObjects: 2.053000 ms  DeleteObjects: 0.090700 ms)

========================================================================
Received Prepare
Registering precompiled user dll's ...
Registered in 0.000937 seconds.
Begin MonoManager ReloadAssembly
Native extension for WindowsStandalone target not found
Refreshing native plugins compatible for Editor in 0.44 ms, found 0 plugins.
Preloading 0 native plugins for Editor in 0.00 ms.
Mono: successfully reloaded assembly
- Completed reload, in  0.863 seconds
Platform modules already initialized, skipping
Shader 'Universal Render Pipeline/Particles/Lit': fallback shader 'Universal Render Pipeline/Particles/SimpleLit' not found
Refreshing native plugins compatible for Editor in 0.48 ms, found 0 plugins.
Preloading 0 native plugins for Editor in 0.00 ms.
Unloading 2935 Unused Serialized files (Serialized files now loaded: 0)
System memory in use before: 139.4 MB.
System memory in use after: 139.6 MB.

Unloading 120 unused Assets to reduce memory usage. Loaded Objects now: 3557.
Total: 2.405700 ms (FindLiveObjects: 0.255400 ms CreateObjectMapping: 0.125100 ms MarkObjects: 1.933300 ms  DeleteObjects: 0.091300 ms)

========================================================================
Received Prepare
Registering precompiled user dll's ...
Registered in 0.000993 seconds.
Begin MonoManager ReloadAssembly
Native extension for WindowsStandalone target not found
Refreshing native plugins compatible for Editor in 0.44 ms, found 0 plugins.
Preloading 0 native plugins for Editor in 0.00 ms.
Mono: successfully reloaded assembly
- Completed reload, in  0.865 seconds
Platform modules already initialized, skipping
Shader 'Universal Render Pipeline/Particles/Lit': fallback shader 'Universal Render Pipeline/Particles/SimpleLit' not found
Refreshing native plugins compatible for Editor in 0.47 ms, found 0 plugins.
Preloading 0 native plugins for Editor in 0.00 ms.
Unloading 2935 Unused Serialized files (Serialized files now loaded: 0)
System memory in use before: 139.4 MB.
System memory in use after: 139.7 MB.

Unloading 120 unused Assets to reduce memory usage. Loaded Objects now: 3560.
Total: 2.438800 ms (FindLiveObjects: 0.261900 ms CreateObjectMapping: 0.117600 ms MarkObjects: 1.968300 ms  DeleteObjects: 0.090400 ms)

========================================================================
Received Prepare
Registering precompiled user dll's ...
Registered in 0.000962 seconds.
Begin MonoManager ReloadAssembly
Native extension for WindowsStandalone target not found
Refreshing native plugins compatible for Editor in 0.45 ms, found 0 plugins.
Preloading 0 native plugins for Editor in 0.00 ms.
Mono: successfully reloaded assembly
- Completed reload, in  0.841 seconds
Platform modules already initialized, skipping
Shader 'Universal Render Pipeline/Particles/Lit': fallback shader 'Universal Render Pipeline/Particles/SimpleLit' not found
Refreshing native plugins compatible for Editor in 0.45 ms, found 0 plugins.
Preloading 0 native plugins for Editor in 0.00 ms.
Unloading 2935 Unused Serialized files (Serialized files now loaded: 0)
System memory in use before: 139.4 MB.
System memory in use after: 139.7 MB.

Unloading 120 unused Assets to reduce memory usage. Loaded Objects now: 3563.
Total: 2.461100 ms (FindLiveObjects: 0.294500 ms CreateObjectMapping: 0.149700 ms MarkObjects: 1.923500 ms  DeleteObjects: 0.092800 ms)

========================================================================
Received Prepare
Registering precompiled user dll's ...
Registered in 0.000999 seconds.
Begin MonoManager ReloadAssembly
Native extension for WindowsStandalone target not found
Refreshing native plugins compatible for Editor in 0.50 ms, found 0 plugins.
Preloading 0 native plugins for Editor in 0.00 ms.
Mono: successfully reloaded assembly
- Completed reload, in  0.863 seconds
Platform modules already initialized, skipping
Shader 'Universal Render Pipeline/Particles/Lit': fallback shader 'Universal Render Pipeline/Particles/SimpleLit' not found
Refreshing native plugins compatible for Editor in 0.46 ms, found 0 plugins.
Preloading 0 native plugins for Editor in 0.00 ms.
Unloading 2935 Unused Serialized files (Serialized files now loaded: 0)
System memory in use before: 139.4 MB.
System memory in use after: 139.7 MB.

Unloading 120 unused Assets to reduce memory usage. Loaded Objects now: 3566.
Total: 2.360600 ms (FindLiveObjects: 0.260100 ms CreateObjectMapping: 0.122200 ms MarkObjects: 1.891200 ms  DeleteObjects: 0.086500 ms)

========================================================================
Received Prepare
Registering precompiled user dll's ...
Registered in 0.000917 seconds.
Begin MonoManager ReloadAssembly
Native extension for WindowsStandalone target not found
Refreshing native plugins compatible for Editor in 0.45 ms, found 0 plugins.
Preloading 0 native plugins for Editor in 0.00 ms.
Mono: successfully reloaded assembly
- Completed reload, in  0.852 seconds
Platform modules already initialized, skipping
Shader 'Universal Render Pipeline/Particles/Lit': fallback shader 'Universal Render Pipeline/Particles/SimpleLit' not found
Refreshing native plugins compatible for Editor in 0.48 ms, found 0 plugins.
Preloading 0 native plugins for Editor in 0.00 ms.
Unloading 2938 Unused Serialized files (Serialized files now loaded: 0)
System memory in use before: 139.6 MB.
System memory in use after: 139.8 MB.

Unloading 120 unused Assets to reduce memory usage. Loaded Objects now: 3577.
Total: 2.463800 ms (FindLiveObjects: 0.262000 ms CreateObjectMapping: 0.126000 ms MarkObjects: 1.979400 ms  DeleteObjects: 0.095600 ms)

========================================================================
Received Import Request.
  Time since last request: 5726.118366 seconds.
  path: Assets/SlidingSphereAndPhysics/Gravity/Scenes/Orbit Camera.unity
  artifactKey: Guid(f13de0463284b4c67b0e44cb7e9960e6) Importer(815301076,1909f56bfc062723c751e8b465ee728b)
Start importing Assets/SlidingSphereAndPhysics/Gravity/Scenes/Orbit Camera.unity using Guid(f13de0463284b4c67b0e44cb7e9960e6) Importer(815301076,1909f56bfc062723c751e8b465ee728b)  -> (artifact id: '7537bd7697a41bc9f43967d3d0e59eee') in 0.179248 seconds
  Import took 0.184024 seconds .

========================================================================
Received Import Request.
  Time since last request: 0.312990 seconds.
  path: Assets/SlidingSphereAndPhysics/Gravity/Scenes/Opposite Worlds.unity
  artifactKey: Guid(6af8b8dc275d34872a45b646bf54a40d) Importer(815301076,1909f56bfc062723c751e8b465ee728b)
Start importing Assets/SlidingSphereAndPhysics/Gravity/Scenes/Opposite Worlds.unity using Guid(6af8b8dc275d34872a45b646bf54a40d) Importer(815301076,1909f56bfc062723c751e8b465ee728b)  -> (artifact id: '008df3d7287fdbfba7babb1ae2e5af14') in 0.001483 seconds
  Import took 0.005217 seconds .

========================================================================
Received Import Request.
  Time since last request: 2.050184 seconds.
  path: Assets/SlidingSphereAndPhysics/Gravity/Scenes/Jump.unity
  artifactKey: Guid(9fc0d4010bbf28b4594072e72b8655ab) Importer(815301076,1909f56bfc062723c751e8b465ee728b)
Start importing Assets/SlidingSphereAndPhysics/Gravity/Scenes/Jump.unity using Guid(9fc0d4010bbf28b4594072e72b8655ab) Importer(815301076,1909f56bfc062723c751e8b465ee728b)  -> (artifact id: '27d8f6ed2293faf948f462e5c382014f') in 0.001375 seconds
  Import took 0.005218 seconds .

========================================================================
Received Import Request.
  Time since last request: 3.283994 seconds.
  path: Assets/SlidingSphereAndPhysics/Gravity/Scenes/Inverted Planet.unity
  artifactKey: Guid(1f6faff4ec85a448387f4584c0bdffd0) Importer(815301076,1909f56bfc062723c751e8b465ee728b)
Start importing Assets/SlidingSphereAndPhysics/Gravity/Scenes/Inverted Planet.unity using Guid(1f6faff4ec85a448387f4584c0bdffd0) Importer(815301076,1909f56bfc062723c751e8b465ee728b)  -> (artifact id: '971728a6d260e64392deb145d17b8c57') in 0.001334 seconds
  Import took 0.005000 seconds .

========================================================================
Received Import Request.
  Time since last request: 2.825932 seconds.
  path: Assets/SlidingSphereAndPhysics/Gravity/Scenes/Gravity Box.unity
  artifactKey: Guid(890158038bf0b42a1b09fa78eb1f5d3f) Importer(815301076,1909f56bfc062723c751e8b465ee728b)
Start importing Assets/SlidingSphereAndPhysics/Gravity/Scenes/Gravity Box.unity using Guid(890158038bf0b42a1b09fa78eb1f5d3f) Importer(815301076,1909f56bfc062723c751e8b465ee728b)  -> (artifact id: '899ed82896673960b789d00601432d43') in 0.001411 seconds
  Import took 0.005095 seconds .

========================================================================
Received Import Request.
  Time since last request: 1.547855 seconds.
  path: Assets/SlidingSphereAndPhysics/Gravity/Scenes/Crevasse.unity
  artifactKey: Guid(66d1ece53cdf641d7841b31236ea16b7) Importer(815301076,1909f56bfc062723c751e8b465ee728b)
Start importing Assets/SlidingSphereAndPhysics/Gravity/Scenes/Crevasse.unity using Guid(66d1ece53cdf641d7841b31236ea16b7) Importer(815301076,1909f56bfc062723c751e8b465ee728b)  -> (artifact id: 'b50b781a43a13dc4c9971d07feeea8b5') in 0.001310 seconds
  Import took 0.004930 seconds .

========================================================================
Received Import Request.
  Time since last request: 2.226480 seconds.
  path: Assets/SlidingSphereAndPhysics/Gravity/Scenes/Slopes.unity
  artifactKey: Guid(87a03ddbc23374fbea4106bbd87484b9) Importer(815301076,1909f56bfc062723c751e8b465ee728b)
Start importing Assets/SlidingSphereAndPhysics/Gravity/Scenes/Slopes.unity using Guid(87a03ddbc23374fbea4106bbd87484b9) Importer(815301076,1909f56bfc062723c751e8b465ee728b)  -> (artifact id: '8e4cc3fe93de4b719ee2197d0d2cf563') in 0.001297 seconds
  Import took 0.004893 seconds .

========================================================================
Received Import Request.
  Time since last request: 4.469267 seconds.
  path: Assets/SlidingSphereAndPhysics/Gravity/Scenes/SampleScene.unity
  artifactKey: Guid(9fafc2503da6749cea6a1f8795a226df) Importer(815301076,1909f56bfc062723c751e8b465ee728b)
Start importing Assets/SlidingSphereAndPhysics/Gravity/Scenes/SampleScene.unity using Guid(9fafc2503da6749cea6a1f8795a226df) Importer(815301076,1909f56bfc062723c751e8b465ee728b)  -> (artifact id: '528dd3cf2bb9cd7878e38a63b0bcd511') in 0.001295 seconds
  Import took 0.004842 seconds .

========================================================================
Received Prepare
Registering precompiled user dll's ...
Registered in 0.000941 seconds.
Begin MonoManager ReloadAssembly
Native extension for WindowsStandalone target not found
Refreshing native plugins compatible for Editor in 0.46 ms, found 0 plugins.
Preloading 0 native plugins for Editor in 0.00 ms.
Mono: successfully reloaded assembly
- Completed reload, in  0.853 seconds
Platform modules already initialized, skipping
Shader 'Universal Render Pipeline/Particles/Lit': fallback shader 'Universal Render Pipeline/Particles/SimpleLit' not found
Refreshing native plugins compatible for Editor in 0.45 ms, found 0 plugins.
Preloading 0 native plugins for Editor in 0.00 ms.
Unloading 2930 Unused Serialized files (Serialized files now loaded: 0)
System memory in use before: 139.4 MB.
System memory in use after: 139.7 MB.

Unloading 120 unused Assets to reduce memory usage. Loaded Objects now: 3580.
Total: 2.843800 ms (FindLiveObjects: 0.318700 ms CreateObjectMapping: 0.137900 ms MarkObjects: 2.293800 ms  DeleteObjects: 0.092700 ms)

========================================================================
Received Prepare
Registering precompiled user dll's ...
Registered in 0.000931 seconds.
Begin MonoManager ReloadAssembly
Native extension for WindowsStandalone target not found
Refreshing native plugins compatible for Editor in 0.45 ms, found 0 plugins.
Preloading 0 native plugins for Editor in 0.00 ms.
Mono: successfully reloaded assembly
- Completed reload, in  0.839 seconds
Platform modules already initialized, skipping
Shader 'Universal Render Pipeline/Particles/Lit': fallback shader 'Universal Render Pipeline/Particles/SimpleLit' not found
Refreshing native plugins compatible for Editor in 0.46 ms, found 0 plugins.
Preloading 0 native plugins for Editor in 0.00 ms.
Unloading 2938 Unused Serialized files (Serialized files now loaded: 0)
System memory in use before: 139.6 MB.
System memory in use after: 139.8 MB.

Unloading 120 unused Assets to reduce memory usage. Loaded Objects now: 3583.
Total: 2.442100 ms (FindLiveObjects: 0.252000 ms CreateObjectMapping: 0.128800 ms MarkObjects: 1.973200 ms  DeleteObjects: 0.087300 ms)

========================================================================
Received Import Request.
  Time since last request: 62.702059 seconds.
  path: Assets/SlidingSphereAndPhysics/Gravity/Scenes
  artifactKey: Guid(2b4a2ed407d0f6c40adc55743685bb91) Importer(815301076,1909f56bfc062723c751e8b465ee728b)
Start importing Assets/SlidingSphereAndPhysics/Gravity/Scenes using Guid(2b4a2ed407d0f6c40adc55743685bb91) Importer(815301076,1909f56bfc062723c751e8b465ee728b)  -> (artifact id: '419115338e864188d4c1c4646602001b') in 0.004168 seconds
  Import took 0.007752 seconds .

========================================================================
Received Import Request.
  Time since last request: 0.003333 seconds.
  path: Assets/SlidingSphereAndPhysics/Gravity/Scenes
  artifactKey: Guid(2b4a2ed407d0f6c40adc55743685bb91) Importer(815301076,1909f56bfc062723c751e8b465ee728b)
Start importing Assets/SlidingSphereAndPhysics/Gravity/Scenes using Guid(2b4a2ed407d0f6c40adc55743685bb91) Importer(815301076,1909f56bfc062723c751e8b465ee728b)  -> (artifact id: '419115338e864188d4c1c4646602001b') in 0.001076 seconds
  Import took 0.004228 seconds .

========================================================================
Received Import Request.
  Time since last request: 28.173384 seconds.
  path: Assets/SlidingSphereAndPhysics/Gravity/Sphere.prefab
  artifactKey: Guid(a4e2b61e5223f754bb964e87fa46da25) Importer(815301076,1909f56bfc062723c751e8b465ee728b)
Start importing Assets/SlidingSphereAndPhysics/Gravity/Sphere.prefab using Guid(a4e2b61e5223f754bb964e87fa46da25) Importer(815301076,1909f56bfc062723c751e8b465ee728b)  -> (artifact id: 'b0533cb1f517ebcb46d6fc92ec23b930') in 0.161316 seconds
  Import took 0.165440 seconds .

========================================================================
Received Import Request.
  Time since last request: 20.825962 seconds.
  path: Assets/SlidingSphereAndPhysics/Gravity/Materials/Cube Material.mat
  artifactKey: Guid(cf0d33854d2a34399900c5de6cc65cbd) Importer(815301076,1909f56bfc062723c751e8b465ee728b)
Start importing Assets/SlidingSphereAndPhysics/Gravity/Materials/Cube Material.mat using Guid(cf0d33854d2a34399900c5de6cc65cbd) Importer(815301076,1909f56bfc062723c751e8b465ee728b)  -> (artifact id: '60ad90fd9797a9537083225f3f7a6e05') in 0.017490 seconds
  Import took 0.021487 seconds .

========================================================================
Received Import Request.
  Time since last request: 0.000217 seconds.
  path: Assets/SlidingSphereAndPhysics/Gravity/Materials/Ground Material.mat
  artifactKey: Guid(ffb10a62477c84ba189b29e27c308968) Importer(815301076,1909f56bfc062723c751e8b465ee728b)
Start importing Assets/SlidingSphereAndPhysics/Gravity/Materials/Ground Material.mat using Guid(ffb10a62477c84ba189b29e27c308968) Importer(815301076,1909f56bfc062723c751e8b465ee728b)  -> (artifact id: '365bd740dadd470d596edc526ec8d805') in 0.004764 seconds
  Import took 0.008794 seconds .

========================================================================
Received Import Request.
  Time since last request: 0.000274 seconds.
  path: Assets/SlidingSphereAndPhysics/Materials/player.mat
  artifactKey: Guid(1cf8ba6056dee724594d76d48503669b) Importer(815301076,1909f56bfc062723c751e8b465ee728b)
Start importing Assets/SlidingSphereAndPhysics/Materials/player.mat using Guid(1cf8ba6056dee724594d76d48503669b) Importer(815301076,1909f56bfc062723c751e8b465ee728b)  -> (artifact id: 'c36fe927e388c5b4ddb33957c5e9709f') in 0.008655 seconds
  Import took 0.012423 seconds .

========================================================================
Received Import Request.
  Time since last request: 0.000166 seconds.
  path: Assets/SlidingSphereAndPhysics/Gravity/Materials/Trail Material.mat
  artifactKey: Guid(9a4d6d9dd5ce842cab93c08918e9f806) Importer(815301076,1909f56bfc062723c751e8b465ee728b)
Start importing Assets/SlidingSphereAndPhysics/Gravity/Materials/Trail Material.mat using Guid(9a4d6d9dd5ce842cab93c08918e9f806) Importer(815301076,1909f56bfc062723c751e8b465ee728b)  -> (artifact id: '832ffe59e7abfa8dae3177905f10da19') in 0.005734 seconds
  Import took 0.009362 seconds .

========================================================================
Received Import Request.
  Time since last request: 0.000132 seconds.
  path: Assets/SlidingSphereAndPhysics/Gravity/Materials/Sphere Material.mat
  artifactKey: Guid(f3ba9cc2f46b74147a887fc2202e7d8e) Importer(815301076,1909f56bfc062723c751e8b465ee728b)
Start importing Assets/SlidingSphereAndPhysics/Gravity/Materials/Sphere Material.mat using Guid(f3ba9cc2f46b74147a887fc2202e7d8e) Importer(815301076,1909f56bfc062723c751e8b465ee728b)  -> (artifact id: '6a0c6790595be71aeb74d7a01f704cdb') in 0.004257 seconds
  Import took 0.007699 seconds .

========================================================================
Received Import Request.
  Time since last request: 0.000170 seconds.
  path: Assets/ProBuilder Data/ProBuilderMat.mat
  artifactKey: Guid(120821e7e3d8bf94891406b7caba0613) Importer(815301076,1909f56bfc062723c751e8b465ee728b)
Start importing Assets/ProBuilder Data/ProBuilderMat.mat using Guid(120821e7e3d8bf94891406b7caba0613) Importer(815301076,1909f56bfc062723c751e8b465ee728b)  -> (artifact id: '7d685c66c2d7b10911e5b33823dc8ef1') in 0.005703 seconds
  Import took 0.009276 seconds .

========================================================================
Received Import Request.
  Time since last request: 0.015508 seconds.
  path: Assets/SlidingSphereAndPhysics/Gravity/Materials/Sphere Material.mat
  artifactKey: Guid(f3ba9cc2f46b74147a887fc2202e7d8e) Importer(815301076,1909f56bfc062723c751e8b465ee728b)
Start importing Assets/SlidingSphereAndPhysics/Gravity/Materials/Sphere Material.mat using Guid(f3ba9cc2f46b74147a887fc2202e7d8e) Importer(815301076,1909f56bfc062723c751e8b465ee728b)  -> (artifact id: '6a0c6790595be71aeb74d7a01f704cdb') in 0.004370 seconds
  Import took 0.008315 seconds .

========================================================================
Received Import Request.
  Time since last request: 7.735679 seconds.
  path: Assets/SlidingSphereAndPhysics/Gravity/Sphere.prefab
  artifactKey: Guid(a4e2b61e5223f754bb964e87fa46da25) Importer(815301076,1909f56bfc062723c751e8b465ee728b)
Start importing Assets/SlidingSphereAndPhysics/Gravity/Sphere.prefab using Guid(a4e2b61e5223f754bb964e87fa46da25) Importer(815301076,1909f56bfc062723c751e8b465ee728b)  -> (artifact id: 'e8467286c1387907bd296f381c4ab07e') in 0.004773 seconds
  Import took 0.008790 seconds .

========================================================================
Received Import Request.
  Time since last request: 0.029254 seconds.
  path: Assets/SlidingSphereAndPhysics/Gravity/Sphere.prefab
  artifactKey: Guid(a4e2b61e5223f754bb964e87fa46da25) Importer(815301076,1909f56bfc062723c751e8b465ee728b)
Start importing Assets/SlidingSphereAndPhysics/Gravity/Sphere.prefab using Guid(a4e2b61e5223f754bb964e87fa46da25) Importer(815301076,1909f56bfc062723c751e8b465ee728b)  -> (artifact id: 'e8467286c1387907bd296f381c4ab07e') in 0.004597 seconds
  Import took 0.009006 seconds .

========================================================================
Received Prepare
Registering precompiled user dll's ...
Registered in 0.000922 seconds.
Begin MonoManager ReloadAssembly
Native extension for WindowsStandalone target not found
Refreshing native plugins compatible for Editor in 0.45 ms, found 0 plugins.
Preloading 0 native plugins for Editor in 0.00 ms.
Mono: successfully reloaded assembly
- Completed reload, in  0.857 seconds
Platform modules already initialized, skipping
Shader 'Universal Render Pipeline/Particles/Lit': fallback shader 'Universal Render Pipeline/Particles/SimpleLit' not found
Refreshing native plugins compatible for Editor in 0.45 ms, found 0 plugins.
Preloading 0 native plugins for Editor in 0.00 ms.
Unloading 2938 Unused Serialized files (Serialized files now loaded: 0)
System memory in use before: 145.1 MB.
System memory in use after: 145.4 MB.

Unloading 120 unused Assets to reduce memory usage. Loaded Objects now: 3666.
Total: 2.509100 ms (FindLiveObjects: 0.280700 ms CreateObjectMapping: 0.129400 ms MarkObjects: 2.008600 ms  DeleteObjects: 0.089600 ms)

========================================================================
Received Prepare
Registering precompiled user dll's ...
Registered in 0.000953 seconds.
Begin MonoManager ReloadAssembly
Native extension for WindowsStandalone target not found
Refreshing native plugins compatible for Editor in 0.62 ms, found 0 plugins.
Preloading 0 native plugins for Editor in 0.00 ms.
Mono: successfully reloaded assembly
- Completed reload, in  0.867 seconds
Platform modules already initialized, skipping
Shader 'Universal Render Pipeline/Particles/Lit': fallback shader 'Universal Render Pipeline/Particles/SimpleLit' not found
Refreshing native plugins compatible for Editor in 0.48 ms, found 0 plugins.
Preloading 0 native plugins for Editor in 0.00 ms.
Unloading 2938 Unused Serialized files (Serialized files now loaded: 0)
System memory in use before: 145.2 MB.
System memory in use after: 145.4 MB.

Unloading 120 unused Assets to reduce memory usage. Loaded Objects now: 3669.
Total: 2.517400 ms (FindLiveObjects: 0.282800 ms CreateObjectMapping: 0.131700 ms MarkObjects: 2.016300 ms  DeleteObjects: 0.085800 ms)

========================================================================
Received Prepare
Registering precompiled user dll's ...
Registered in 0.000928 seconds.
Begin MonoManager ReloadAssembly
Native extension for WindowsStandalone target not found
Refreshing native plugins compatible for Editor in 0.45 ms, found 0 plugins.
Preloading 0 native plugins for Editor in 0.00 ms.
Mono: successfully reloaded assembly
- Completed reload, in  0.847 seconds
Platform modules already initialized, skipping
Shader 'Universal Render Pipeline/Particles/Lit': fallback shader 'Universal Render Pipeline/Particles/SimpleLit' not found
Refreshing native plugins compatible for Editor in 0.46 ms, found 0 plugins.
Preloading 0 native plugins for Editor in 0.00 ms.
Unloading 2938 Unused Serialized files (Serialized files now loaded: 0)
System memory in use before: 145.2 MB.
System memory in use after: 145.4 MB.

Unloading 120 unused Assets to reduce memory usage. Loaded Objects now: 3672.
Total: 2.482000 ms (FindLiveObjects: 0.279600 ms CreateObjectMapping: 0.122900 ms MarkObjects: 1.994800 ms  DeleteObjects: 0.084100 ms)

========================================================================
Received Prepare
Registering precompiled user dll's ...
Registered in 0.001064 seconds.
Begin MonoManager ReloadAssembly
Native extension for WindowsStandalone target not found
Refreshing native plugins compatible for Editor in 0.59 ms, found 0 plugins.
Preloading 0 native plugins for Editor in 0.00 ms.
Mono: successfully reloaded assembly
- Completed reload, in  0.912 seconds
Platform modules already initialized, skipping
Shader 'Universal Render Pipeline/Particles/Lit': fallback shader 'Universal Render Pipeline/Particles/SimpleLit' not found
Refreshing native plugins compatible for Editor in 0.45 ms, found 0 plugins.
Preloading 0 native plugins for Editor in 0.00 ms.
Unloading 2938 Unused Serialized files (Serialized files now loaded: 0)
System memory in use before: 145.2 MB.
System memory in use after: 145.4 MB.

Unloading 120 unused Assets to reduce memory usage. Loaded Objects now: 3675.
Total: 2.647700 ms (FindLiveObjects: 0.335600 ms CreateObjectMapping: 0.157200 ms MarkObjects: 2.069700 ms  DeleteObjects: 0.084500 ms)

========================================================================
Received Import Request.
  Time since last request: 533.769079 seconds.
  path: Assets/SlidingSphereAndPhysics/Gravity/Scenes/Inverted Planet.unity
  artifactKey: Guid(1f6faff4ec85a448387f4584c0bdffd0) Importer(815301076,1909f56bfc062723c751e8b465ee728b)
Start importing Assets/SlidingSphereAndPhysics/Gravity/Scenes/Inverted Planet.unity using Guid(1f6faff4ec85a448387f4584c0bdffd0) Importer(815301076,1909f56bfc062723c751e8b465ee728b)  -> (artifact id: '6ae13d932209ec48a17ee2767bf91cb4') in 0.053857 seconds
  Import took 0.058293 seconds .

========================================================================
Received Import Request.
  Time since last request: 16.703426 seconds.
  path: Assets/SlidingSphereAndPhysics/Gravity/ProBuilder Data/Default Color Palette.asset
  artifactKey: Guid(a1c4f37ae05b34333b65e89b0aa3e431) Importer(815301076,1909f56bfc062723c751e8b465ee728b)
Start importing Assets/SlidingSphereAndPhysics/Gravity/ProBuilder Data/Default Color Palette.asset using Guid(a1c4f37ae05b34333b65e89b0aa3e431) Importer(815301076,1909f56bfc062723c751e8b465ee728b)  -> (artifact id: 'b5c83632a568a78532b72ba88ea5243d') in 0.003127 seconds
  Import took 0.006829 seconds .

========================================================================
Received Import Request.
  Time since last request: 0.014153 seconds.
  path: Assets/SlidingSphereAndPhysics/Gravity/ProBuilder Data/Default Color Palette.asset
  artifactKey: Guid(a1c4f37ae05b34333b65e89b0aa3e431) Importer(815301076,1909f56bfc062723c751e8b465ee728b)
Start importing Assets/SlidingSphereAndPhysics/Gravity/ProBuilder Data/Default Color Palette.asset using Guid(a1c4f37ae05b34333b65e89b0aa3e431) Importer(815301076,1909f56bfc062723c751e8b465ee728b)  -> (artifact id: 'b5c83632a568a78532b72ba88ea5243d') in 0.001544 seconds
  Import took 0.004958 seconds .

========================================================================
Received Import Request.
  Time since last request: 0.612027 seconds.
  path: Assets/SlidingSphereAndPhysics/Gravity/ProBuilder Data/Default Material Palette.asset
  artifactKey: Guid(2d721294dc0c047ae851fe5ba465757c) Importer(815301076,1909f56bfc062723c751e8b465ee728b)
Start importing Assets/SlidingSphereAndPhysics/Gravity/ProBuilder Data/Default Material Palette.asset using Guid(2d721294dc0c047ae851fe5ba465757c) Importer(815301076,1909f56bfc062723c751e8b465ee728b)  -> (artifact id: 'c1a5332815a63ec6bb576827f44f607e') in 0.003730 seconds
  Import took 0.007639 seconds .

========================================================================
Received Prepare
Registering precompiled user dll's ...
Registered in 0.001062 seconds.
Begin MonoManager ReloadAssembly
Native extension for WindowsStandalone target not found
Refreshing native plugins compatible for Editor in 0.46 ms, found 0 plugins.
Preloading 0 native plugins for Editor in 0.00 ms.
Mono: successfully reloaded assembly
- Completed reload, in  0.872 seconds
Platform modules already initialized, skipping
Shader 'Universal Render Pipeline/Particles/Lit': fallback shader 'Universal Render Pipeline/Particles/SimpleLit' not found
Refreshing native plugins compatible for Editor in 0.46 ms, found 0 plugins.
Preloading 0 native plugins for Editor in 0.00 ms.
Unloading 2938 Unused Serialized files (Serialized files now loaded: 0)
System memory in use before: 145.2 MB.
System memory in use after: 145.4 MB.

Unloading 120 unused Assets to reduce memory usage. Loaded Objects now: 3678.
Total: 2.541600 ms (FindLiveObjects: 0.296300 ms CreateObjectMapping: 0.144000 ms MarkObjects: 2.007100 ms  DeleteObjects: 0.093400 ms)

========================================================================
Received Prepare
Registering precompiled user dll's ...
Registered in 0.000937 seconds.
Begin MonoManager ReloadAssembly
Native extension for WindowsStandalone target not found
Refreshing native plugins compatible for Editor in 0.45 ms, found 0 plugins.
Preloading 0 native plugins for Editor in 0.00 ms.
Mono: successfully reloaded assembly
- Completed reload, in  0.859 seconds
Platform modules already initialized, skipping
Shader 'Universal Render Pipeline/Particles/Lit': fallback shader 'Universal Render Pipeline/Particles/SimpleLit' not found
Refreshing native plugins compatible for Editor in 0.62 ms, found 0 plugins.
Preloading 0 native plugins for Editor in 0.00 ms.
Unloading 2938 Unused Serialized files (Serialized files now loaded: 0)
System memory in use before: 145.2 MB.
System memory in use after: 145.4 MB.

Unloading 120 unused Assets to reduce memory usage. Loaded Objects now: 3681.
Total: 2.709600 ms (FindLiveObjects: 0.353400 ms CreateObjectMapping: 0.155100 ms MarkObjects: 2.110700 ms  DeleteObjects: 0.089600 ms)

========================================================================
Received Prepare
Registering precompiled user dll's ...
Registered in 0.000932 seconds.
Begin MonoManager ReloadAssembly
Native extension for WindowsStandalone target not found
Refreshing native plugins compatible for Editor in 0.48 ms, found 0 plugins.
Preloading 0 native plugins for Editor in 0.00 ms.
Mono: successfully reloaded assembly
- Completed reload, in  0.858 seconds
Platform modules already initialized, skipping
Shader 'Universal Render Pipeline/Particles/Lit': fallback shader 'Universal Render Pipeline/Particles/SimpleLit' not found
Refreshing native plugins compatible for Editor in 0.46 ms, found 0 plugins.
Preloading 0 native plugins for Editor in 0.00 ms.
Unloading 2938 Unused Serialized files (Serialized files now loaded: 0)
System memory in use before: 145.2 MB.
System memory in use after: 145.4 MB.

Unloading 120 unused Assets to reduce memory usage. Loaded Objects now: 3684.
Total: 2.563300 ms (FindLiveObjects: 0.297300 ms CreateObjectMapping: 0.140200 ms MarkObjects: 2.032800 ms  DeleteObjects: 0.092200 ms)

========================================================================
Received Prepare
Registering precompiled user dll's ...
Registered in 0.001000 seconds.
Begin MonoManager ReloadAssembly
Native extension for WindowsStandalone target not found
Refreshing native plugins compatible for Editor in 0.45 ms, found 0 plugins.
Preloading 0 native plugins for Editor in 0.00 ms.
Mono: successfully reloaded assembly
- Completed reload, in  0.846 seconds
Platform modules already initialized, skipping
Shader 'Universal Render Pipeline/Particles/Lit': fallback shader 'Universal Render Pipeline/Particles/SimpleLit' not found
Refreshing native plugins compatible for Editor in 0.46 ms, found 0 plugins.
Preloading 0 native plugins for Editor in 0.00 ms.
Unloading 2938 Unused Serialized files (Serialized files now loaded: 0)
System memory in use before: 145.2 MB.
System memory in use after: 145.4 MB.

Unloading 120 unused Assets to reduce memory usage. Loaded Objects now: 3687.
Total: 2.671700 ms (FindLiveObjects: 0.292100 ms CreateObjectMapping: 0.139600 ms MarkObjects: 2.149100 ms  DeleteObjects: 0.090000 ms)

========================================================================
Received Prepare
Registering precompiled user dll's ...
Registered in 0.000875 seconds.
Begin MonoManager ReloadAssembly
Native extension for WindowsStandalone target not found
Refreshing native plugins compatible for Editor in 0.45 ms, found 0 plugins.
Preloading 0 native plugins for Editor in 0.00 ms.
Mono: successfully reloaded assembly
- Completed reload, in  0.846 seconds
Platform modules already initialized, skipping
Shader 'Universal Render Pipeline/Particles/Lit': fallback shader 'Universal Render Pipeline/Particles/SimpleLit' not found
Refreshing native plugins compatible for Editor in 0.46 ms, found 0 plugins.
Preloading 0 native plugins for Editor in 0.00 ms.
Unloading 2938 Unused Serialized files (Serialized files now loaded: 0)
System memory in use before: 145.2 MB.
System memory in use after: 145.4 MB.

Unloading 120 unused Assets to reduce memory usage. Loaded Objects now: 3690.
Total: 2.660000 ms (FindLiveObjects: 0.277000 ms CreateObjectMapping: 0.138500 ms MarkObjects: 2.155200 ms  DeleteObjects: 0.088800 ms)

========================================================================
Received Prepare
Registering precompiled user dll's ...
Registered in 0.001102 seconds.
Begin MonoManager ReloadAssembly
Native extension for WindowsStandalone target not found
Refreshing native plugins compatible for Editor in 0.46 ms, found 0 plugins.
Preloading 0 native plugins for Editor in 0.00 ms.
Mono: successfully reloaded assembly
- Completed reload, in  0.886 seconds
Platform modules already initialized, skipping
Shader 'Universal Render Pipeline/Particles/Lit': fallback shader 'Universal Render Pipeline/Particles/SimpleLit' not found
Refreshing native plugins compatible for Editor in 0.47 ms, found 0 plugins.
Preloading 0 native plugins for Editor in 0.00 ms.
Unloading 2938 Unused Serialized files (Serialized files now loaded: 0)
System memory in use before: 145.2 MB.
System memory in use after: 145.4 MB.

Unloading 120 unused Assets to reduce memory usage. Loaded Objects now: 3693.
Total: 2.711900 ms (FindLiveObjects: 0.388500 ms CreateObjectMapping: 0.211800 ms MarkObjects: 2.020500 ms  DeleteObjects: 0.090400 ms)

AssetImportWorkerClient::OnTransportError - code=2 error=End of file
