Using pre-set license
Built from '2020.3/staging' branch; Version is '2020.3.8f1 (507919d4fff5) revision 5273881'; Using compiler version '192528614'; Build Type 'Release'
OS: 'Windows 10 Pro; OS build 19042.985; Version 2009; 64bit' Language: 'en' Physical Memory: 32658 MB
BatchMode: 1, IsHumanControllingUs: 0, StartBugReporterOnCrash: 0, Is64bit: 1, IsPro: 0

 COMMAND LINE ARGUMENTS:
C:\Program Files\Unity\Hub\Editor\2020.3.8f1\Editor\Unity.exe
-adb2
-batchMode
-noUpm
-name
AssetImportWorker0
-projectPath
E:/UnityRepos/GitRepos/CatLikeCoding/CatLikeCodingPractice
-logFile
Logs/AssetImportWorker0.log
-srvPort
61189
Successfully changed project path to: E:/UnityRepos/GitRepos/CatLikeCoding/CatLikeCodingPractice
E:/UnityRepos/GitRepos/CatLikeCoding/CatLikeCodingPractice
Using Asset Import Pipeline V2.
Refreshing native plugins compatible for Editor in 37.21 ms, found 0 plugins.
Preloading 0 native plugins for Editor in 0.00 ms.
Initialize engine version: 2020.3.8f1 (507919d4fff5)
[Subsystems] Discovering subsystems at path C:/Program Files/Unity/Hub/Editor/2020.3.8f1/Editor/Data/Resources/UnitySubsystems
[Subsystems] Discovering subsystems at path E:/UnityRepos/GitRepos/CatLikeCoding/CatLikeCodingPractice/Assets
GfxDevice: creating device client; threaded=0
Direct3D:
    Version:  Direct3D 11.0 [level 11.1]
    Renderer: NVIDIA GeForce RTX 2080 (ID=0x1e87)
    Vendor:   
    VRAM:     8010 MB
    Driver:   27.21.14.6611
Shader 'Universal Render Pipeline/Particles/Lit': fallback shader 'Universal Render Pipeline/Particles/SimpleLit' not found
Initialize mono
Mono path[0] = 'C:/Program Files/Unity/Hub/Editor/2020.3.8f1/Editor/Data/Managed'
Mono path[1] = 'C:/Program Files/Unity/Hub/Editor/2020.3.8f1/Editor/Data/MonoBleedingEdge/lib/mono/unityjit'
Mono config path = 'C:/Program Files/Unity/Hub/Editor/2020.3.8f1/Editor/Data/MonoBleedingEdge/etc'
Using monoOptions --debugger-agent=transport=dt_socket,embedding=1,server=y,suspend=n,address=127.0.0.1:56936
Begin MonoManager ReloadAssembly
Registering precompiled unity dll's ...
Register platform support module: C:/Program Files/Unity/Hub/Editor/2020.3.8f1/Editor/Data/PlaybackEngines/WindowsStandaloneSupport/UnityEditor.WindowsStandalone.Extensions.dll
Registered in 0.001429 seconds.
Native extension for WindowsStandalone target not found
Refreshing native plugins compatible for Editor in 37.31 ms, found 0 plugins.
Preloading 0 native plugins for Editor in 0.00 ms.
Mono: successfully reloaded assembly
- Completed reload, in  0.716 seconds
Platform modules already initialized, skipping
Registering precompiled user dll's ...
Registered in 0.000876 seconds.
Begin MonoManager ReloadAssembly
Native extension for WindowsStandalone target not found
Refreshing native plugins compatible for Editor in 38.47 ms, found 0 plugins.
Preloading 0 native plugins for Editor in 0.00 ms.
Mono: successfully reloaded assembly
- Completed reload, in  1.266 seconds
Platform modules already initialized, skipping
========================================================================
Worker process is ready to serve import requests
Shader 'Universal Render Pipeline/Particles/Lit': fallback shader 'Universal Render Pipeline/Particles/SimpleLit' not found
Launched and connected shader compiler UnityShaderCompiler.exe after 0.03 seconds
Refreshing native plugins compatible for Editor in 0.43 ms, found 0 plugins.
Preloading 0 native plugins for Editor in 0.00 ms.
Unloading 2938 Unused Serialized files (Serialized files now loaded: 0)
System memory in use before: 144.9 MB.
System memory in use after: 145.1 MB.

Unloading 91 unused Assets to reduce memory usage. Loaded Objects now: 3375.
Total: 2.315300 ms (FindLiveObjects: 0.257000 ms CreateObjectMapping: 0.132200 ms MarkObjects: 1.784400 ms  DeleteObjects: 0.141000 ms)

========================================================================
Received Import Request.
  path: Assets/SlidingSphereAndPhysics/Scenes/Slopes.unity
  artifactKey: Guid(e64674c19548f7a47bacbbb255abbaaf) Importer(815301076,1909f56bfc062723c751e8b465ee728b)
Start importing Assets/SlidingSphereAndPhysics/Scenes/Slopes.unity using Guid(e64674c19548f7a47bacbbb255abbaaf) Importer(815301076,1909f56bfc062723c751e8b465ee728b)  -> (artifact id: 'f3ba0897b56bd6949f3a5bab2ac3ad59') in 0.004868 seconds
  Import took 0.007835 seconds .

========================================================================
Received Import Request.
  Time since last request: 46.598180 seconds.
  path: Assets/SlidingSphereAndPhysics/Scenes/SlideSphere.unity
  artifactKey: Guid(74f1549b67b474444a3da77bf1503362) Importer(815301076,1909f56bfc062723c751e8b465ee728b)
Start importing Assets/SlidingSphereAndPhysics/Scenes/SlideSphere.unity using Guid(74f1549b67b474444a3da77bf1503362) Importer(815301076,1909f56bfc062723c751e8b465ee728b)  -> (artifact id: '760892e12e06d851de0c5e84537b20f3') in 0.001268 seconds
  Import took 0.004688 seconds .

========================================================================
Received Import Request.
  Time since last request: 41.206105 seconds.
  path: Assets/ProBuilder Data
  artifactKey: Guid(78dde4c86d8e7964fae2a2176232c5d6) Importer(815301076,1909f56bfc062723c751e8b465ee728b)
Start importing Assets/ProBuilder Data using Guid(78dde4c86d8e7964fae2a2176232c5d6) Importer(815301076,1909f56bfc062723c751e8b465ee728b)  -> (artifact id: '921b0521b0baa7ef023c5d50eeea3076') in 0.001078 seconds
  Import took 0.004472 seconds .

========================================================================
Received Import Request.
  Time since last request: 11.002898 seconds.
  path: Assets/ProBuilder Data/Default Color Palette.asset
  artifactKey: Guid(68691e04e98d59c4c969654679be1915) Importer(815301076,1909f56bfc062723c751e8b465ee728b)
Start importing Assets/ProBuilder Data/Default Color Palette.asset using Guid(68691e04e98d59c4c969654679be1915) Importer(815301076,1909f56bfc062723c751e8b465ee728b)  -> (artifact id: '8d2ea62550dd5c69e9f8bde1ba5e8a2e') in 0.014114 seconds
  Import took 0.017770 seconds .

========================================================================
Received Import Request.
  Time since last request: 0.002103 seconds.
  path: Assets/ProBuilder Data/Default Color Palette.asset
  artifactKey: Guid(68691e04e98d59c4c969654679be1915) Importer(815301076,1909f56bfc062723c751e8b465ee728b)
Start importing Assets/ProBuilder Data/Default Color Palette.asset using Guid(68691e04e98d59c4c969654679be1915) Importer(815301076,1909f56bfc062723c751e8b465ee728b)  -> (artifact id: '8d2ea62550dd5c69e9f8bde1ba5e8a2e') in 0.001441 seconds
  Import took 0.004663 seconds .

========================================================================
Received Import Request.
  Time since last request: 0.951023 seconds.
  path: Assets/ProBuilder Data/Default Material Palette.asset
  artifactKey: Guid(e020857312c421e44ab0014949522595) Importer(815301076,1909f56bfc062723c751e8b465ee728b)
Start importing Assets/ProBuilder Data/Default Material Palette.asset using Guid(e020857312c421e44ab0014949522595) Importer(815301076,1909f56bfc062723c751e8b465ee728b)  -> (artifact id: '7806b03038aa5392631a52031802014b') in 0.001759 seconds
  Import took 0.005225 seconds .

========================================================================
Received Import Request.
  Time since last request: 25.357268 seconds.
  path: Assets/ProBuilder Data/Default Material Palette.asset
  artifactKey: Guid(e020857312c421e44ab0014949522595) Importer(815301076,1909f56bfc062723c751e8b465ee728b)
Start importing Assets/ProBuilder Data/Default Material Palette.asset using Guid(e020857312c421e44ab0014949522595) Importer(815301076,1909f56bfc062723c751e8b465ee728b)  -> (artifact id: 'fe2e7bbd34e1ff3c30ed86b486c82ce7') in 0.001473 seconds
  Import took 0.004804 seconds .

========================================================================
Received Import Request.
  Time since last request: 1.614225 seconds.
  path: Assets/ProBuilder Data/ProBuilderMat.mat
  artifactKey: Guid(120821e7e3d8bf94891406b7caba0613) Importer(815301076,1909f56bfc062723c751e8b465ee728b)
Start importing Assets/ProBuilder Data/ProBuilderMat.mat using Guid(120821e7e3d8bf94891406b7caba0613) Importer(815301076,1909f56bfc062723c751e8b465ee728b)  -> (artifact id: 'd055d4f10634ec638c3eac173b10e768') in 0.138814 seconds
  Import took 0.142765 seconds .

========================================================================
Received Import Request.
  Time since last request: 0.000200 seconds.
  path: Assets/SlidingSphereAndPhysics/Materials/trail.mat
  artifactKey: Guid(bd490da2f11cff84796635bc344e14c5) Importer(815301076,1909f56bfc062723c751e8b465ee728b)
Start importing Assets/SlidingSphereAndPhysics/Materials/trail.mat using Guid(bd490da2f11cff84796635bc344e14c5) Importer(815301076,1909f56bfc062723c751e8b465ee728b)  -> (artifact id: '4e0bbc9f9dec8becb2a6841ab411b7b5') in 0.005631 seconds
  Import took 0.009070 seconds .

========================================================================
Received Import Request.
  Time since last request: 109.661766 seconds.
  path: Assets/SlidingSphereAndPhysics/Prefabs/Slopes.prefab
  artifactKey: Guid(319b9ea41cd59214eb3e7505f04d16d7) Importer(815301076,1909f56bfc062723c751e8b465ee728b)
Start importing Assets/SlidingSphereAndPhysics/Prefabs/Slopes.prefab using Guid(319b9ea41cd59214eb3e7505f04d16d7) Importer(815301076,1909f56bfc062723c751e8b465ee728b)  -> (artifact id: 'd8470c99384cd7962298a53f62591514') in 0.012521 seconds
  Import took 0.016402 seconds .

========================================================================
Received Prepare
Registering precompiled user dll's ...
Registered in 0.000981 seconds.
Begin MonoManager ReloadAssembly
Native extension for WindowsStandalone target not found
Refreshing native plugins compatible for Editor in 0.43 ms, found 0 plugins.
Preloading 0 native plugins for Editor in 0.00 ms.
Mono: successfully reloaded assembly
- Completed reload, in  0.862 seconds
Platform modules already initialized, skipping
Shader 'Universal Render Pipeline/Particles/Lit': fallback shader 'Universal Render Pipeline/Particles/SimpleLit' not found
Refreshing native plugins compatible for Editor in 0.44 ms, found 0 plugins.
Preloading 0 native plugins for Editor in 0.00 ms.
Unloading 2787 Unused Serialized files (Serialized files now loaded: 0)
System memory in use before: 139.3 MB.
System memory in use after: 139.5 MB.

Unloading 86 unused Assets to reduce memory usage. Loaded Objects now: 3456.
Total: 2.423500 ms (FindLiveObjects: 0.287400 ms CreateObjectMapping: 0.132500 ms MarkObjects: 1.876300 ms  DeleteObjects: 0.126400 ms)

========================================================================
Received Prepare
Registering precompiled user dll's ...
Registered in 0.000972 seconds.
Begin MonoManager ReloadAssembly
Native extension for WindowsStandalone target not found
Refreshing native plugins compatible for Editor in 0.47 ms, found 0 plugins.
Preloading 0 native plugins for Editor in 0.00 ms.
Mono: successfully reloaded assembly
- Completed reload, in  0.848 seconds
Platform modules already initialized, skipping
Shader 'Universal Render Pipeline/Particles/Lit': fallback shader 'Universal Render Pipeline/Particles/SimpleLit' not found
Refreshing native plugins compatible for Editor in 0.43 ms, found 0 plugins.
Preloading 0 native plugins for Editor in 0.00 ms.
Unloading 2787 Unused Serialized files (Serialized files now loaded: 0)
System memory in use before: 139.3 MB.
System memory in use after: 139.5 MB.

Unloading 86 unused Assets to reduce memory usage. Loaded Objects now: 3459.
Total: 2.339100 ms (FindLiveObjects: 0.258700 ms CreateObjectMapping: 0.115600 ms MarkObjects: 1.845600 ms  DeleteObjects: 0.118500 ms)

========================================================================
Received Import Request.
  Time since last request: 447.113223 seconds.
  path: Assets/SlidingSphereAndPhysics/Scripts/MovingSphere.cs
  artifactKey: Guid(afa5b91a916691c4b8bd3123c774529d) Importer(815301076,1909f56bfc062723c751e8b465ee728b)
Start importing Assets/SlidingSphereAndPhysics/Scripts/MovingSphere.cs using Guid(afa5b91a916691c4b8bd3123c774529d) Importer(815301076,1909f56bfc062723c751e8b465ee728b)  -> (artifact id: '66c43b39f1d279afd3db7cab3ef32181') in 0.005916 seconds
  Import took 0.009640 seconds .

========================================================================
Received Import Request.
  Time since last request: 0.018228 seconds.
  path: Assets/SlidingSphereAndPhysics/Scripts/MovingSphere.cs
  artifactKey: Guid(afa5b91a916691c4b8bd3123c774529d) Importer(815301076,1909f56bfc062723c751e8b465ee728b)
Start importing Assets/SlidingSphereAndPhysics/Scripts/MovingSphere.cs using Guid(afa5b91a916691c4b8bd3123c774529d) Importer(815301076,1909f56bfc062723c751e8b465ee728b)  -> (artifact id: '66c43b39f1d279afd3db7cab3ef32181') in 0.000974 seconds
  Import took 0.004474 seconds .

========================================================================
Received Prepare
Registering precompiled user dll's ...
Registered in 0.000922 seconds.
Begin MonoManager ReloadAssembly
Native extension for WindowsStandalone target not found
Refreshing native plugins compatible for Editor in 0.42 ms, found 0 plugins.
Preloading 0 native plugins for Editor in 0.00 ms.
Mono: successfully reloaded assembly
- Completed reload, in  0.885 seconds
Platform modules already initialized, skipping
Shader 'Universal Render Pipeline/Particles/Lit': fallback shader 'Universal Render Pipeline/Particles/SimpleLit' not found
Refreshing native plugins compatible for Editor in 0.43 ms, found 0 plugins.
Preloading 0 native plugins for Editor in 0.00 ms.
Unloading 2787 Unused Serialized files (Serialized files now loaded: 0)
System memory in use before: 139.4 MB.
System memory in use after: 139.6 MB.

Unloading 86 unused Assets to reduce memory usage. Loaded Objects now: 3462.
Total: 2.749400 ms (FindLiveObjects: 0.328400 ms CreateObjectMapping: 0.188600 ms MarkObjects: 2.098900 ms  DeleteObjects: 0.133100 ms)

========================================================================
Received Import Request.
  Time since last request: 538.556061 seconds.
  path: Assets/SlidingSphereAndPhysics/Scripts/MovingSphere.cs
  artifactKey: Guid(afa5b91a916691c4b8bd3123c774529d) Importer(815301076,1909f56bfc062723c751e8b465ee728b)
Start importing Assets/SlidingSphereAndPhysics/Scripts/MovingSphere.cs using Guid(afa5b91a916691c4b8bd3123c774529d) Importer(815301076,1909f56bfc062723c751e8b465ee728b)  -> (artifact id: 'b70bcccf585e9c9751e1bff766613edc') in 0.003830 seconds
  Import took 0.007344 seconds .

========================================================================
Received Prepare
Registering precompiled user dll's ...
Registered in 0.000974 seconds.
Begin MonoManager ReloadAssembly
Native extension for WindowsStandalone target not found
Refreshing native plugins compatible for Editor in 0.43 ms, found 0 plugins.
Preloading 0 native plugins for Editor in 0.00 ms.
Mono: successfully reloaded assembly
- Completed reload, in  0.843 seconds
Platform modules already initialized, skipping
Shader 'Universal Render Pipeline/Particles/Lit': fallback shader 'Universal Render Pipeline/Particles/SimpleLit' not found
Refreshing native plugins compatible for Editor in 0.47 ms, found 0 plugins.
Preloading 0 native plugins for Editor in 0.00 ms.
Unloading 2787 Unused Serialized files (Serialized files now loaded: 0)
System memory in use before: 139.4 MB.
System memory in use after: 139.6 MB.

Unloading 86 unused Assets to reduce memory usage. Loaded Objects now: 3465.
Total: 2.486900 ms (FindLiveObjects: 0.280100 ms CreateObjectMapping: 0.125500 ms MarkObjects: 1.953200 ms  DeleteObjects: 0.127400 ms)

========================================================================
Received Prepare
Registering precompiled user dll's ...
Registered in 0.000960 seconds.
Begin MonoManager ReloadAssembly
Native extension for WindowsStandalone target not found
Refreshing native plugins compatible for Editor in 0.43 ms, found 0 plugins.
Preloading 0 native plugins for Editor in 0.00 ms.
Mono: successfully reloaded assembly
- Completed reload, in  0.860 seconds
Platform modules already initialized, skipping
Shader 'Universal Render Pipeline/Particles/Lit': fallback shader 'Universal Render Pipeline/Particles/SimpleLit' not found
Refreshing native plugins compatible for Editor in 0.46 ms, found 0 plugins.
Preloading 0 native plugins for Editor in 0.00 ms.
Unloading 2787 Unused Serialized files (Serialized files now loaded: 0)
System memory in use before: 139.4 MB.
System memory in use after: 139.6 MB.

Unloading 86 unused Assets to reduce memory usage. Loaded Objects now: 3468.
Total: 2.658100 ms (FindLiveObjects: 0.329900 ms CreateObjectMapping: 0.219900 ms MarkObjects: 1.979000 ms  DeleteObjects: 0.128800 ms)

========================================================================
Received Prepare
Registering precompiled user dll's ...
Registered in 0.001066 seconds.
Begin MonoManager ReloadAssembly
Native extension for WindowsStandalone target not found
Refreshing native plugins compatible for Editor in 0.43 ms, found 0 plugins.
Preloading 0 native plugins for Editor in 0.00 ms.
Mono: successfully reloaded assembly
- Completed reload, in  0.846 seconds
Platform modules already initialized, skipping
Shader 'Universal Render Pipeline/Particles/Lit': fallback shader 'Universal Render Pipeline/Particles/SimpleLit' not found
Refreshing native plugins compatible for Editor in 0.50 ms, found 0 plugins.
Preloading 0 native plugins for Editor in 0.00 ms.
Unloading 2787 Unused Serialized files (Serialized files now loaded: 0)
System memory in use before: 139.4 MB.
System memory in use after: 139.6 MB.

Unloading 86 unused Assets to reduce memory usage. Loaded Objects now: 3471.
Total: 2.352300 ms (FindLiveObjects: 0.244500 ms CreateObjectMapping: 0.115300 ms MarkObjects: 1.873700 ms  DeleteObjects: 0.118200 ms)

========================================================================
Received Import Request.
  Time since last request: 455.966181 seconds.
  path: Assets/SlidingSphereAndPhysics/Scenes/SlideSphere.unity
  artifactKey: Guid(74f1549b67b474444a3da77bf1503362) Importer(815301076,1909f56bfc062723c751e8b465ee728b)
Start importing Assets/SlidingSphereAndPhysics/Scenes/SlideSphere.unity using Guid(74f1549b67b474444a3da77bf1503362) Importer(815301076,1909f56bfc062723c751e8b465ee728b)  -> (artifact id: '26d722c5e499d36d9ddeb21364847d91') in 0.054745 seconds
  Import took 0.058626 seconds .

========================================================================
Received Prepare
Registering precompiled user dll's ...
Registered in 0.000998 seconds.
Begin MonoManager ReloadAssembly
Native extension for WindowsStandalone target not found
Refreshing native plugins compatible for Editor in 0.46 ms, found 0 plugins.
Preloading 0 native plugins for Editor in 0.00 ms.
Mono: successfully reloaded assembly
- Completed reload, in  0.870 seconds
Platform modules already initialized, skipping
Shader 'Universal Render Pipeline/Particles/Lit': fallback shader 'Universal Render Pipeline/Particles/SimpleLit' not found
Refreshing native plugins compatible for Editor in 0.43 ms, found 0 plugins.
Preloading 0 native plugins for Editor in 0.00 ms.
Unloading 2787 Unused Serialized files (Serialized files now loaded: 0)
System memory in use before: 139.4 MB.
System memory in use after: 139.6 MB.

Unloading 86 unused Assets to reduce memory usage. Loaded Objects now: 3474.
Total: 2.366700 ms (FindLiveObjects: 0.239100 ms CreateObjectMapping: 0.110900 ms MarkObjects: 1.890900 ms  DeleteObjects: 0.125200 ms)

========================================================================
Received Prepare
Registering precompiled user dll's ...
Registered in 0.000963 seconds.
Begin MonoManager ReloadAssembly
Native extension for WindowsStandalone target not found
Refreshing native plugins compatible for Editor in 0.50 ms, found 0 plugins.
Preloading 0 native plugins for Editor in 0.00 ms.
Mono: successfully reloaded assembly
- Completed reload, in  0.865 seconds
Platform modules already initialized, skipping
Shader 'Universal Render Pipeline/Particles/Lit': fallback shader 'Universal Render Pipeline/Particles/SimpleLit' not found
Refreshing native plugins compatible for Editor in 0.43 ms, found 0 plugins.
Preloading 0 native plugins for Editor in 0.00 ms.
Unloading 2787 Unused Serialized files (Serialized files now loaded: 0)
System memory in use before: 139.4 MB.
System memory in use after: 139.6 MB.

Unloading 86 unused Assets to reduce memory usage. Loaded Objects now: 3477.
Total: 2.481300 ms (FindLiveObjects: 0.287400 ms CreateObjectMapping: 0.151200 ms MarkObjects: 1.923100 ms  DeleteObjects: 0.119000 ms)

========================================================================
Received Prepare
Registering precompiled user dll's ...
Registered in 0.000978 seconds.
Begin MonoManager ReloadAssembly
Native extension for WindowsStandalone target not found
Refreshing native plugins compatible for Editor in 0.44 ms, found 0 plugins.
Preloading 0 native plugins for Editor in 0.00 ms.
Mono: successfully reloaded assembly
- Completed reload, in  0.840 seconds
Platform modules already initialized, skipping
Shader 'Universal Render Pipeline/Particles/Lit': fallback shader 'Universal Render Pipeline/Particles/SimpleLit' not found
Refreshing native plugins compatible for Editor in 0.44 ms, found 0 plugins.
Preloading 0 native plugins for Editor in 0.00 ms.
Unloading 2787 Unused Serialized files (Serialized files now loaded: 0)
System memory in use before: 139.5 MB.
System memory in use after: 139.6 MB.

Unloading 86 unused Assets to reduce memory usage. Loaded Objects now: 3480.
Total: 2.514300 ms (FindLiveObjects: 0.301800 ms CreateObjectMapping: 0.109300 ms MarkObjects: 1.978400 ms  DeleteObjects: 0.123600 ms)

========================================================================
Received Prepare
Registering precompiled user dll's ...
Registered in 0.001003 seconds.
Begin MonoManager ReloadAssembly
Native extension for WindowsStandalone target not found
Refreshing native plugins compatible for Editor in 0.43 ms, found 0 plugins.
Preloading 0 native plugins for Editor in 0.00 ms.
Mono: successfully reloaded assembly
- Completed reload, in  0.855 seconds
Platform modules already initialized, skipping
Shader 'Universal Render Pipeline/Particles/Lit': fallback shader 'Universal Render Pipeline/Particles/SimpleLit' not found
Refreshing native plugins compatible for Editor in 0.43 ms, found 0 plugins.
Preloading 0 native plugins for Editor in 0.00 ms.
Unloading 2787 Unused Serialized files (Serialized files now loaded: 0)
System memory in use before: 139.5 MB.
System memory in use after: 139.6 MB.

Unloading 86 unused Assets to reduce memory usage. Loaded Objects now: 3483.
Total: 2.402700 ms (FindLiveObjects: 0.263800 ms CreateObjectMapping: 0.145900 ms MarkObjects: 1.865400 ms  DeleteObjects: 0.126800 ms)

========================================================================
Received Prepare
Registering precompiled user dll's ...
Registered in 0.001032 seconds.
Begin MonoManager ReloadAssembly
Native extension for WindowsStandalone target not found
Refreshing native plugins compatible for Editor in 0.44 ms, found 0 plugins.
Preloading 0 native plugins for Editor in 0.00 ms.
Mono: successfully reloaded assembly
- Completed reload, in  0.845 seconds
Platform modules already initialized, skipping
Shader 'Universal Render Pipeline/Particles/Lit': fallback shader 'Universal Render Pipeline/Particles/SimpleLit' not found
Refreshing native plugins compatible for Editor in 0.43 ms, found 0 plugins.
Preloading 0 native plugins for Editor in 0.00 ms.
Unloading 2787 Unused Serialized files (Serialized files now loaded: 0)
System memory in use before: 139.5 MB.
System memory in use after: 139.6 MB.

Unloading 86 unused Assets to reduce memory usage. Loaded Objects now: 3486.
Total: 2.715400 ms (FindLiveObjects: 0.325700 ms CreateObjectMapping: 0.182300 ms MarkObjects: 2.079900 ms  DeleteObjects: 0.126800 ms)

========================================================================
Received Prepare
Registering precompiled user dll's ...
Registered in 0.001058 seconds.
Begin MonoManager ReloadAssembly
Native extension for WindowsStandalone target not found
Refreshing native plugins compatible for Editor in 0.43 ms, found 0 plugins.
Preloading 0 native plugins for Editor in 0.00 ms.
Mono: successfully reloaded assembly
- Completed reload, in  0.860 seconds
Platform modules already initialized, skipping
Shader 'Universal Render Pipeline/Particles/Lit': fallback shader 'Universal Render Pipeline/Particles/SimpleLit' not found
Refreshing native plugins compatible for Editor in 0.44 ms, found 0 plugins.
Preloading 0 native plugins for Editor in 0.00 ms.
Unloading 2787 Unused Serialized files (Serialized files now loaded: 0)
System memory in use before: 139.5 MB.
System memory in use after: 139.6 MB.

Unloading 86 unused Assets to reduce memory usage. Loaded Objects now: 3489.
Total: 2.556700 ms (FindLiveObjects: 0.264300 ms CreateObjectMapping: 0.123300 ms MarkObjects: 2.029100 ms  DeleteObjects: 0.138100 ms)

========================================================================
Received Prepare
Registering precompiled user dll's ...
Registered in 0.001072 seconds.
Begin MonoManager ReloadAssembly
Native extension for WindowsStandalone target not found
Refreshing native plugins compatible for Editor in 0.42 ms, found 0 plugins.
Preloading 0 native plugins for Editor in 0.00 ms.
Mono: successfully reloaded assembly
- Completed reload, in  0.844 seconds
Platform modules already initialized, skipping
Shader 'Universal Render Pipeline/Particles/Lit': fallback shader 'Universal Render Pipeline/Particles/SimpleLit' not found
Refreshing native plugins compatible for Editor in 0.57 ms, found 0 plugins.
Preloading 0 native plugins for Editor in 0.00 ms.
Unloading 2787 Unused Serialized files (Serialized files now loaded: 0)
System memory in use before: 139.5 MB.
System memory in use after: 139.7 MB.

Unloading 86 unused Assets to reduce memory usage. Loaded Objects now: 3492.
Total: 2.766600 ms (FindLiveObjects: 0.312500 ms CreateObjectMapping: 0.131700 ms MarkObjects: 2.190400 ms  DeleteObjects: 0.131300 ms)

========================================================================
Received Import Request.
  Time since last request: 3503.580767 seconds.
  path: ProjectSettings/TagManager.asset
  artifactKey: Guid(00000000000000003000000000000000) Importer(815301076,1909f56bfc062723c751e8b465ee728b)
Start importing ProjectSettings/TagManager.asset using Guid(00000000000000003000000000000000) Importer(815301076,1909f56bfc062723c751e8b465ee728b)  -> (artifact id: '7caa25ae7694e81ac55f5f42e8aa67e0') in 0.071480 seconds
  Import took 0.075534 seconds .

========================================================================
Received Import Request.
  Time since last request: 9.010915 seconds.
  path: ProjectSettings/TagManager.asset
  artifactKey: Guid(00000000000000003000000000000000) Importer(815301076,1909f56bfc062723c751e8b465ee728b)
Start importing ProjectSettings/TagManager.asset using Guid(00000000000000003000000000000000) Importer(815301076,1909f56bfc062723c751e8b465ee728b)  -> (artifact id: '2693e736036d9969ca87c9eed932fea0') in 0.001359 seconds
  Import took 0.004940 seconds .

